H9DjDXhUkvRF5F59rMKlkjEpJi8MvYqteHM4y5ynfisuLd4+n1lSKSiInJy3AQxO5bE6SBNdvYEWBRyMcsQfGpks71KIAyuZdJXgSltDaSNPVA9poww=
VtXaBAy27duPCa4dYFcNVCDm4Rsp5Zij+KuceZo867ifRNXt+/zDcG0uPPoO7nttX0Pl81EdQzy0RHCv3qAmtQx9b2AdZNO6YliT8nb5IuAeN/T/Xq6r90oiTWFCxLKi+L1PIwuhBjJf1YolmCTE8NZtFGJVfSKEk5GlTaYpBOASqEe2KSA33kgP8xVEubgmOy/xj3+Yl6WjwA==
4lPArfezGiEMLYMx9Y7mkzxsxcQ1lklqGnJxZl/hwbdHQh4c0M3Akk21TrYf0cKxyDDsXHdJPLbFqSpAE1WtmTb9LMSyDG+iebR/2giLuwEULRACG4tZW29MH2GjBA==
kI1g/0xWPSkZOLcRQ5V02A6DvZQBY2eWjCoXscJHPgJsVW3J2sTxVRiz3o+JPxqd8gbTfL4Of1KjmBGie6gopcfLzEukgIs1tQEnujtzowo=
su4OxvYkFErSVf4MTiPGbxHwceNAc3KpuDEXxJ2rN7XGfkhz0iuOF6vpQz2fdbfTxBWIeO4yB/Pc78oblyV8oxs=
r8JDLJPIKAjts4kzMxzHebuz6MvcojAZlsp0zgA9EmoUoalPqkynVzYAe3QnpGwYPY60+UhskbQIP6Wz9zDejRJOShzOqq/CVbVdgi+K/SzTi3uCzCAsUGEF/Eupk5QAHxkzq33WBKz80OBlRMmfQKI5LmTgq4yJVFqM2wlJ/0F2yl/jL6pr0RwlNAZUd73RK2TNS9N4sNtdIkywe7B/VZRvNnLDQoR9a+44QB6pLAyZgdJQ6UTZBit1R5Tb8+9dcL19ZZC3Ff0SCMZNGH5YHjUyFwgvZSDf7nXxt3Fk7rYqQM4SuT0Yxd0saHp+N2OyoOmBIG7HWVeniCPpiXIwzZqG0F/NYqdkiKYMoeF9pcJ5GyCzJrn+FJi+3qxypN96GUwvcogga3n0daCqW2Mpg8/0zwmjbA==
QDHvQSHk26q4qJtEL8qTbhFePnQdCjMq2M92Q3nGG1T6Ur9WlHoYbzAVERlqXsRQVTZdX5z9p0tkiKU3WK1TpI20qyweumE+9WH7GXYfR2ddS50H4IHvLI+S+f32jt4xFBKBm2K5Nu1pqjWQM4LA7H5JEVZy9CkgZNJAKIne7jFuGSCS0XXeH7VlKBAmNgNcYEugP0/3ZvOXzjIBEX7lo/e5FFDUfK+Tveqkx02aJfbeup0tCkjdactHj5fm1eEjlEn81GYXmOBoW0TeSwQI0CluL2HZbeVPSh728gYDomlj6Lcuu8QPqQI23DFPil9WADVj1CLb7S6Ihx5b2/FcMdVWLP4deuJ9/SkdBCWOJGnq0zPtsJoehtYAfUQNbHkqY5m7XXflL1hfhSDYVoJPM5Q/kvv/1QSjYw==
/9q1ZFptXHYyTixXRn1HXxSDhR+Ul3LjFSSSGbTSJ1Hi9pz1SZpc+w+WzmNyttmw5li8SuTeSjZgNUg2tC2UWYmMhSWVrUWXUUk+nKMVHZMXTCbr7jmpRkjeV76lyaX+z/YFUCP3g/5MXNQskXkEN0nvbHzvZcvXvar80AysGBmktWc8UkXWGODXdPWkJnSn6TUHPYa2p5/v1pOt7FnMerQLRa3bGDU3UwRIp61etMybzIcpZBPODgM+fAGbksA8/tXUcGn9KizpOCF62wm/6DuPFyGAwYUZUMvtgeJ0PjH4AqBixU7vdK8Z2KMeCQnLkRgWyto8Nm55QeC5LVCQBp5Lm85QlXlcbruhK1f025VpDsixavooIw0eXxh42vTdAQFdvoln2M+mxQZoaMIm0JLYJwbpMNcOSFyTBQQJWNa7H9H/P4g3daMQ
mpHhMETJlz1cj4f4jQ+bb7bD9Wj3pzFkpd1U84cKbKCjJLyWS2k3VfctCXZk6ljye64ToLe8HwwmTBPHpWbtPc1vobAVsvMfQ7up983dpayeBxo1eayvwHxp8j8WGeRNN2s6S9Xpaz6nH7RGErTs6VvtoPk54pd2+UK04HZ74ykFrnMRztW3v+H8FPIhodp4VGFj9bCvJ+gRFB627xSsf7Zkw5m1zY5w1HH9vIurvoItVSk5pca0zBgd3Nie0qnzywirtDsvHKROAlargKUaGh+v4uYCPlgqvLt7TZCp0DaR6hDhV+KF6/+25fMgSW53m5YBOAS+pZKBLgrXXpOmWZkhZ0RmE9/gy1hvTrOUtyl65tQRl/q3FiglGzSqazUuUDeWu6PhdHE9JvTeFaqa/UV5FWT9PoypgsMLTTjqxoaO8PXkNXyRassp471/NZfYp9Uo+A5yJ/O8L2qbd2Vcozs=
vHE5QNdvKab4WyUKUzJTHHTp1iZH+t4ldpG+9fEjFfc7A4mEIMod139FP/PxTRvnAz646xv2mabVH0Xu0kgyqLGwrj1+N4Z3cKEw61zRU81RDC41fOus9rKE5WcF+GKsonFJ7yKiMl5pUvFFYzxWNBJ3MgtTnDmLfkhxbRWa0r86seRQfYan187qMPzTedXiDszwzAT8SK0NFhVuHYzPbj16k0bbDESGCFjxcbcue+eW4kLDMrhrKmJT4ZvOnUYo9c5IqQtCSi9pTCAwS9lfkWT/yss1EFmhpN1W2tMXhnaGtuRK4HO/ffSx3Dad8nTRkyrZi0M+YWNE8aK31+4lKAC22bJd5k6n+gsq2RW5w7SiW4PAN1BrXpdse2k2XjCBE3IL9vRtXwROczkuXC9yi+epqJGBrnBO8RLWvYmBMXT5NnCJ3ovPvZxySgYCaFGUcbRNSrch561bTdsYa21MaIr6m5Pg566rE31Qozc=
pW6wj3zV9347/DeFqHgKTDaBSlC03Tde7ttXZZa3Hdtde5FSsDMBGIcG1qGf+TzqeFoPhp1FDFzFMm09j/xvaqK3O2EEPVXjlmTHnU4BwO5/+xWzBmUg6X88meDyvx/uEl2N1z9+44b8OAR+UfYdehJMRlkHiKQivx2ETJXR+ViNxa20HDToIbwOez8Jhwyi9zM6+hRlQYUm00WZptxKpnVghJJ1tUp42pNQM367YjOWv8+7r3L70EsEYhtH0s+QhFJvrOcUVR96I18KJNyXJNc5zx9iAg8lTwYLMiSTYb59IdJnKF/SleEw8X03X7YASOMlAoSy4+acnr/9p9HnGiTi7EHIgoqIFGGLk20J+eij9KDTVYjIMlJ0Io5aaJkbdFflMqzwLsE/EEiHtfruAVUlPzZHAznkzM/SCIRlLQQLtvB4iOvxSzkgUTXUKWa/sqZAwPoGAnLjOJECO4gohodrTOvkoIsV9aGnGntToyo=
KbLnMdd7e1yBuJ7yaYI0VZGTh++VDSi/sMAj8jWL5MeZTjpAn2hSFgF908jXnZ2iZyxLNejNFmG5gGnDCOPK6aABXyQl+9+1rq7wExobltcTeYsdh4UfWC8lkJimov+zxB+Cu291VKMz
BqFkbAmR/v/mYP4yJnE35ZyzTw1KpHa8NZdfPKyFLM6+mdZMJwQ87vO+ipIeRCnpyy1xpKqO52G9GRFlQwDo1E201QNUR4eDlRVfhusk4SbjRO/S79fcb1zM66E9fZd+Y1+jPg==
sZLaXQ3byUotj0cCrtf5PzHe5PvT8cM9bd3TNrhiRmGEUl4WDWXH+KO1gUJbRB/lHPVaIXV43ZNcSzZJPGnr1LFjUzUiNmRjrvMKd2/RX80z/VOf4x3kyHJKw9PYN3aLe21Yoz8=
H02SdQBFt8eVysXkmpTCfpq4SQRuo2KqE4dfOa+hNsyzmdZMJwQ87vO+ipIeRCnpyy1xpKqO52G9GRFlQwDo1E201QNUR4eDlRVfhusk4SbjRO/S79fcb1zM66E9fZd+Y1+jPg==
U9ufRL0Wf99pCu50gVNcgSy9lQathGIWMZ3jiGd9LSL3zJt1uC0GYamguYNYQ1pp0KGvZFXbL7XejgDTartmV4PZW93XpQ9fP0VAWPbCbzN0fzJ7XxVkowM=
39IZ7rJcWUbEkKoqHoR6QuAhp0FhtEEthJFmFjWV/5iLRUkCE5S3hYRlwqHt6EUzNJv+CXRZA/TJU6s1WgacQ8bDwrcngbdtq23LH3uNfCjaGgsTkEdea0MdYKMH
//Zq/y9YalLnJlZX3QuLKfrAoBn2jzM/4JazGXkAHcm/smU4IR0iiWTBSwTja+I3iLmCFVUsDx/t9RxKWpuQjzSHUa1hNY2B7X9dYVowzDZ9I2ZLSHNFEWajAQ==
KTSZwinIwjdevlNECTFweJq4SQRuo2KqE4dfOa+hNsyomdZMJwQ87vO+ipIeRCnpyy1xpKqO52G9GRFlQwDo1E201QNUR4eDlRVfhusk4SbjRO/S79fcb1zM66E9fZd+Y1+jPg==
xGI7Q0p+nfh0Zevk3+N+U0zf/9EBPCrUy34Zp8ZHPgRdGzfY1MmwP1y5yZ+FElSV/0/Xfp4CaVKjmBGie6gpocfLzEukgIs1tQEnujtzowo=
ssDSUU3llFgiAb5Xg7w06Q4hYWae33ien02Tsokdqx/AEneHlvfI+dGRjuOUAxpsA3ETgtX+U+4x1jBxzaFOVxl3XEMFs9YmkPyBLRDCR3i3G+FN0XW9Yf1+SkGqcLyWjaP265izFXFWozE=
h2r3ASBNl55qaE8mZI2vbyYziATcsfy14eDQY1E31oqTlEAPOuvCCKCgv1OUcUmK3L7RR2B9Duk+jd5WYG5wvPYmjz6bnAGek/xtbZ9vPNcsdCuZTUV3RhNnowY=
ELKq7xsFV8MXtS56cE3GOKYCD28adnpdb5oJScb6zlIUILI+L7LV9EmgYWdPkb9NUz1znQRdREjSCiPT+PfWC5steKMf
czzJzBbfwF0ycl79vd1ZKacCD28adnpdb5oJScb6zlIUILI+L7LV9EmgYWdPkb9NUz1zkwRdREjSCiPT+PfWC5steKMf
rM9D5IrbpwIwRTqDDRlprqQCD28adnpdb5oJScb6zlIUILI+L7LV9EmgYWdPkb9NUz1zkwRdREjSCiPT+PfWC5steKMf
/DZENMwGwSe15pi8+nbcv6UCD28adnpdb5oJScb6zlIUILI+L7LV9EmgYWdPkb9NUz1zkwRdREjSCiPT+PfWC5steKMf
ajCovWJhXboB/pv5haRyaaoCD28adnpdb5oJScb6zlIUILI+L7LV9EmgYWdPkb9NUz1zkwRdREjSCiPT+PfWC5steKMf
MaZzkeRYmADFwGdHYlt/NRBw7a/PDsAv1g6ODbsytelaErqigLg+vqMqQYS9yP3H8znrnSfFP1NIZXAYBmLfs+Tf4juPNXSjEw==
GbuYy1XZuXJsQG8DkCozqBFw7a/PDsAv1g6ODbsytelaErqigLg+vqMqQYS9yP3H8znrnSfFP1JIZXAYBmLfs+Tf4juPNXSjEw==
UoOycNSumYAYqf4FwiKAt6sCD28adnpdb5oJScb6zlIUILI+L7LV9EmgYWdPkb9NUz1zkgRdREjSCiPT+PfWC5steKMf
OMTEWrQTEKeIYiqUEoqtyg/s0F6faYAXgTiwMGHtpCs260JTHgyU6NhuugifNH+qWXwPQoIXS0k0JQA62/PJ0w+EL3mjHA==
Hxd3f9e0HvhC/b/+NFVfYw7s0F6faYAXgTiwMGHtpCs260JTHgyU6NhuugifNH+qWXwPQoIXS0k0JQA62/PJ0w+EL3mjHA==
T05pfa+4qIXvDlZEHJkhRA3s0F6faYAXgTiwMGHtpCs260JTHgyU6NhuugifNH+qWXwPQoIXS0k0JQA62/PJ0w+EL3mjHA==
UCCwGlALLdwbOfPx/K1XOgzs0F6faYAXgTiwMGHtpCs260JTHgyU6NhuugifNH+qWXwPQoIXS0k0JQA62/PJ0w+EL3mjHA==
z0o2C3qoLgNrBgrIl3qgxgvs0F6faYAXgTiwMGHtpCs260JTHgyU6NhuugifNH+qWXwPQoIXS0k0JQA62/PJ0w+EL3mjHA==
FrUNpu/qQ5lUM6a6H9Wc1grs0F6faYAXgTiwMGHtpCs260JTHgyU6NhuugifNH+qWXwPQoIXS0k0JQA62/PJ0w+EL3mjHA==
nfR67u14N4X86qLI9+6HEwns0F6faYAXgTiwMGHtpCs260JTHgyU6NhuugifNH+qWXwPQoIXS0k0JQA62/PJ0w+EL3mjHA==
irB3n22xMaVM7oAdPbnerR5w7a/PDsAv1g6ODbsytelaErqigLg+vqMqQYS9yP3H8znrnSfFP1JIZXAYBmLfs+Tf4juPNXSjEw==
cdRD0JmMv0Tn4hmxSzuTYvctNglVOD0TPIsWSdypi1QRI7M1QvbE406zandPkb9NUz1zkgRdREjSCiPT+PfWC5steKMf
kmzxRcUKxpaHP6fI+o2vofctNglVOD0TPI8UR9ypi1QRI7M1QvbE406zandPkb9NUz1zkgRdREjSCiPT+PfWC5steKMf
IaxR8n20W5EhAG1KS4TEhtG70I+EsA6KxURPr7Y22NeUzQh2D/EfrTqQ134JqEeGwtMDnWTxKB771+HHH5AnfaMY
CIxOMfVLH1ejqbk6EiuFbs7RUkHLkaU+ij8oliEVVX1vSIfWqQD3PkJrszXEWfhGO48xr//41wWjYA==
PxVK2atLEuYmRXiCaN/0V49d8kREad3BNHTEIZs7jcWVZVk5QbI2mQ7geJ6hQ5ojnMPxyQqjbQ==
JMMGWQyZgh1YO+Puo0jErxSDhR+Ul3LjFSSSGbTSJ1Hi9pz1SZpc+w+WzmNyttmw5li8SuTeSjZgNUg2tC2UWYmMhSWVrUWXUUk+nKMVHZMXTCbr7jmpRkjeV76lyaX+z/YFUCP3g/5MXNQskXkEN0nvbHzvZcvXvar80AysGBmktWc8UkXWGODXdPWkJnSn6TUHPYa2p5/v1pOt7FnMerQLRa3bGDU3UwRIp61etMybzIcpZBPODgM+fAGbksA8/tXUcGn9KizpOCF62wm/6DuPFyGAwYUZUMvtgeJ0PjH4AqBixU7vdK8Z2KMeCQnLkRgWyto8Nm55QeC5LVCQBp5Lm85QlXlcbruhK1f025VpDsixavooIw0eXxh42vTdAQFdvoln2M+mxQZoaMIm0JLYJwbpMNcOQluTBQQJWNa7H9H/P4g3daMQ
GcItlfWRaZ/qx2kVGUsOyjaBSlC03Tde7ttXZZa3Hdtde5FSsDMBGIcG1qGf+TzqeFoPhp1FDFzFMm09j/xvaqK3O2EEPVXjlmTHnU4BwO5/+xWzBmUg6X88meDyvx/uEl2N1z9+44b8OAR+UfYdehJMRlkHiKQivx2ETJXR+ViNxa20HDToIbwOez8Jhwyi9zM6+hRlQYUm00WZptxKpnVghJJ1tUp42pNQM367YjOWv8+7r3L70EsEYhtH0s+QhFJvrOcUVR96I18KJNyXJNc5zx9iAg8lTwYLMiSTYb59IdJnKF/SleEw8X03X7YASOMlAoSy4+acnr/9p9HnGiTi7EHIgoqIFGGLk20J+eij9KDTVYjIMlJ0Io5aaJkbdFflMqzwLsE/EEiHtfruAVUlPzZHAznkzM/SCIRlLQQLtvB4iOvxSzkgUTXUKWa/sqZAwPoGAnLjOJECO4gigYdrTOvkoIsV9aGnGntToyo=
b1TTPnpX0y7IKzqtcAjD4aEf3NRwFSwEnTEmb38ba4BTMUzYiwsxcC9JFhAyJj/amKG/j4PNLRi6CPzgpJYnad5gJq2Q8Pa9nGAfNRMmX512p3A3tyHnrVtN2xJpbUtoivqbk+DnrqsTfVCjNw==
n0sU0n7eSOBDJwCyp/dbdM7RUkHLkaU+ij8oliEVVX1vSIfWqQD3PkJuszLEWfhGO48xr//41wWjYA==
IxCMPUvSvQBnJy7NvtsD+Y9d8kREad3BNHTEIZs7jcWVZVk5QbIzmQngeJ6hQ5ojnMPxyQqjbQ==
suYmR4C14z+rpwusHTM5eR+zeuFcYXO7qSFU1IL+N7/9P08j3jWEAqvpQz2fdbfSxRWPeO4yB/Pc78oblyV8oxs=
/91Ep/F4DBSuv3tFw6PLVaEf3NRwFSwEnTEmb38ba4BTMUzYiwsxcC9JFhAyJj/amKG/j4PNLRi6CPzgpJYnad5gJq2Q8Pa9nGAfNRMmX512p3A3tyHnrVtN2xNpbUpoivqbk+DnrqsTfVCjNw==
q+igBtrU3m7+8P2YKyv9t87RUkHLkaU+ij8oliEVVX1vSIfWqQD3PkJuszPEWfhGO48xr//41wWjYA==
N94ZPHRAqEjXtXXrK1IDcY9d8kREad3BNHTEIZs7jcWVZVk5QbIzmQjgeJ6hQ5ojnMPxyQqjbQ==
kA1OSb2cP7x27DmEBJe9tx+zeuFcYXO7qSFU1IL+N7/9P08j3jWEAqvpQz2fdbfSxRWOeO4yB/Pc78oblyV8oxs=
iaVb9FrY5WrLcBqmbpX5hBFePnQdCjMq2M92Q3nGG1T6Ur9WlHoYbzAVERlqXsRQVTZdX5z9p0tkiKU2WK1TpI20qyweumE+9WH7GXYfR2ddS50H4IHvLI+S+f32jt4xFBKBm2K5Nu1pqjWQM4LA7H5JEVZy9CkgZNJAKIne7jFuGSCS0XXeH7VlKBAmNgNcYEugP0/3ZvOXzjIBEX7lo/e5FFDUfK+Tveqkx02aJfbeup0tCkjdactHj5fm1eEjlEn81GYXmOBoW0TeSwQI0CluL2HZbeVPSh728gYDomlj6Lcuu8QPqQI23DFPil9WADVj1CLb7S6Ihx5b2/FcMdVWLP4deuJ9/SkdBCWOJGnq0zPtsJoehtYAfUQNbHkqY5m7XXflL1tchSXYVoJPM5Q/kvv/1QSjYw==
U38ASFxwQBMMEcC9nktkU1jFXos54YM8FYwEnaRrjlECBPgY8h27mK1zdd2df7SyKEjMxn8tcKLnn0GmsmVBnOeLoshhTSOwsDeQrUG4O4ioG32InnsEqMAAJNCf5IBOXpA84gETd1juTjAkAWMnLidtEKhXzsxpX0JjqGNoCIjiYKhNlouT9uJvFHqb9r1VPnpLm6thuvWwW7h2fK7TS1HxAtH5G5DWcPM1o/hkVBaoQvDEkvefuFz5ICC48AizBRmJi+ZhLwDm8IyVGclSMxz7Y3xveULxcLr1O2BusNryevZ/iWXyvdo2m/5yyaUmz7tVUld7ot2E1/HCw/A22o+Ciyp4/7xH7BnT9YXsFJdVcGE83YZxwN0JkPLWGaUenUZi4emcyP+/rtqj9BNRJT4hF8LG1he+cN0vLdesT1omOQhHeeXaPozGxCQXzEd4m3rhTdF1vWH9e05Br3C8lo2j9uuYsxVxVqMx
6IuAIp87tU4ciG5dPHsVJJud6F7LDeGVdLg2N9TU+Nt8G7uWJ+9KDGWIL5IwJD1+sDCqx4MIVNiLGQDEhINEDNgM/ULA/rfCs7fCfHhlqYBZ7D3nWXzK+KePewLGgmFI655vI+GxFJAHx9Enf3pquk8qHxZPA1+D+4jya5psjerZ6T631ZZ3Qpf6XIoafXGVS2Anpuu5WzUWZaB3lH/78nRGish9OcHYPu9sB7XeojXHjVt7H3hz6yK6nLDxudkvYruw9Y9GVbjmGFcwuZqDCxBgl3GclP3P00IGcEVH93uKnFlHuk0EsSKH1SaJZwtBtgJM5S0IiLzzFIiop4e778f4wMTEK6Ssulrgt7PJEVe5KmcyaJkZxpiAhoL6NAYW+bnQsQ2YAJ5eU4uGsB0JZG6D0aO3vMuNqZZYeUryGNuNZm8QWJJkRUEZTXbp7yj3pv324AgKNsjSQLdOyTjndsunowgkwchOewfBt98AR02jKA==
ngyO/2YQUfUx8dZhCqnWh6h2vVUvopIIDHzdPP1UyIEcP5rDfLD9Qsll2h0d4lPcINUf7xmvbGADKQmP8ac5Gm6Ejyk6FGzMDhiAuyT2rnzjAG2beZg/jAFeO9WvyAyWgPL5i3ix2XXI0lcnB4FdwAiuBL4EP5SPI/IKp7ruYF3gawyUyOE5b+NTfrSric/8p5Oki5CcxPHBI0O6mYGTTpz5RSxIyovWowdc0YLYY9QI/xMAXJpObxA+sZ/GWukyNWTzO4Mua1Vzz/hDCY/wYVk/KibiVwh4pGzdbMNC79OMfXb7dU0BgrJkYn76OJkrFMclQowgrnHfAAh3FaruMTW1/0Zn07lULN+S+CQ1LTRrJjAIqDtx+9kwEcV0eWaP0jaAsNrWgsIDKNHym9grtef+jJvEcAulFbHn6tsDoxo=
HZdCV2Mj3QPJQLk4lWyKGPctNglVOD0TPI8UR9ypi1QRI7M1QvbE406zandPkb9NUz1zngBdQUjSCiPT+PfWC5steKMf
joQ5EE81mp0vMtbjXfecWjthThp2YmkyY/iRwrvILcUHrkwrZOCLVXVhp9r7E6Nq
Ma2iQev/tRsk6fJhQet9Js7RUkHLkaU+ij8oliEVVX1vSIfWqQD3Pk1vszDEWfhGO48xr//41wWjYA==
t7lE6C6dNGRQB2GK7Zy26o9d8kREad3BNHTEIZs7jcWVZVk5Qb0ymQvgeJ6hQ5ojnMPxyQqjbQ==
+50UQJTfHQ+f4e9khFoLjJq4SQRuo2KqE4dfOa+hNsyomdZMJwQ87vO+ipIeRCnpyy1xpKqO52G5Gx9lQwDo1E201QNUR4eDlRVfhusk4SbjRO3R79Lcb1zM66E9fZd+Y1+jPg==
AABgIA8R9J5gbazpU/q+rfrAoBn2jzM/4JazGXkAHcm/smU4IR0iiWTBSwTja+IzireCFVUsDx/t9RxKWpuQjzSHUa1hNY2B7X1eYV8wzDZ9I2ZLSHNFEWajAQ==
uPPJABqNViffuifszglfTuAhp0FhtEEthJFmFjWV/5iLRUkCE5S3hYRlwqHt6EUzNJ/8B3RZA/TJU6s1WgacQ8bDwrcngbdtq23LHXiNeSjaGgsTkEdea0MdYKMH
B9c/2sbb4ASCrA32zxPSxCy9lQathGIWMZ3jiGd9LSL3zJt1uC0GYamguYNYR1hn0KGvZFXbL7XejgDTartmV4PZW93XpQ9dPEVFWPbCbzN0fzJ7XxVkowM=
3kMjwlR6+xoT4OYhJOYXVpq4SQRuo2KqE4dfOa+hNsyzmdZMJwQ87vO+ipIeRCnpyy1xpKqO52G5Gx9lQwDo1E201QNUR4eDlRVfhusk4SbjRO3R79Lcb1zM66E9fZd+Y1+jPg==
vn+xWhZCKFcD8mjxXy2oKjHe5PvT8cM9bd3TNrhiRmGEUl4WDWXH+KO1gUJbRB/lHPVaIXV43ZNcTzRHPGnr1LFjUzUiNmRjrvMKd2/RX80z/VOd4B3hyHJKw9PYN3aLe21Yoz8=
hOJGkDxJTQnfvytPoGZm8JyzTw1KpHa8NZdfPKyFLM6+mdZMJwQ87vO+ipIeRCnpyy1xpKqO52G5Gx9lQwDo1E201QNUR4eDlRVfhusk4SbjRO3R79Lcb1zM66E9fZd+Y1+jPg==
oGvKelJkb5FB7cu1MTBkl5GTh++VDSi/sMAj8jWL5MeZTjpAn2hSFgF908jXnZ2iZyxLNejNFmG5gGnDCOfI56ABXyQl+9+1rq7wExobltcTeYsdh4UfXSwllZimov+zxB+Cu291VKMz
dmH+Tgo0/b3Z6LHFF4ZIUAl+bz9ce25+TeGGoEQFOva3uedQLrXOPFEuKcXx5ApvievfN0sw48mJ2Sxxv2yiBHlox3Yp4LceTU9zUET5OGY7b3FPf1gXZaMA
02i78hKWC4ZGLruOR7rV8+/pyWoa0vzjXkxH56uSZuM6FjHAFdfp4g51mZXzFSMGN4PJF3DDR8oG/sn2S/ShdgN07eEPgpy//LxrUZ0tV64Db6MO
