[1118/124702.322:ERROR:process_reader_win.cc(242)] ReadMemory at 0x7ff6407a0000 of 64 bytes failed: Only part of a ReadProcessMemory or WriteProcessMemory request was completed. (0x12B)
[1118/124702.322:WARNING:pe_image_reader.cc(302)] could not read dos header from C:\Program Files (x86)\Google\Chrome\Application\chrome.exe
[1118/124702.338:ERROR:process_reader_win.cc(242)] ReadMemory at 0x7ffbdda00000 of 64 bytes failed: Only part of a ReadProcessMemory or WriteProcessMemory request was completed. (0x12B)
[1118/124702.338:WARNING:pe_image_reader.cc(302)] could not read dos header from C:\Program Files (x86)\Google\Chrome\Application\70.0.3538.102\chrome_child.dll
[1118/124702.338:ERROR:process_reader_win.cc(242)] ReadMemory at 0x265705a0000 of 64 bytes failed: Only part of a ReadProcessMemory or WriteProcessMemory request was completed. (0x12B)
[1118/124702.338:WARNING:pe_image_reader.cc(302)] could not read dos header from C:\WINDOWS\System32\WS2_32.dll
[1118/124702.354:ERROR:process_reader_win.cc(242)] ReadMemory at 0xcf04df7000 of 36864 bytes failed: Only part of a ReadProcessMemory or WriteProcessMemory request was completed. (0x12B)
[1118/124702.354:ERROR:process_reader_win.cc(242)] ReadMemory at 0xcf04ffe000 of 8192 bytes failed: Only part of a ReadProcessMemory or WriteProcessMemory request was completed. (0x12B)
[1118/124702.354:ERROR:process_reader_win.cc(242)] ReadMemory at 0xcf051fe000 of 8192 bytes failed: Only part of a ReadProcessMemory or WriteProcessMemory request was completed. (0x12B)
[1118/124702.354:ERROR:process_reader_win.cc(242)] ReadMemory at 0xcf053fd000 of 12288 bytes failed: Only part of a ReadProcessMemory or WriteProcessMemory request was completed. (0x12B)
[1118/124702.354:ERROR:process_reader_win.cc(242)] ReadMemory at 0xcf055fe000 of 8192 bytes failed: Only part of a ReadProcessMemory or WriteProcessMemory request was completed. (0x12B)
[1118/124702.354:ERROR:process_reader_win.cc(242)] ReadMemory at 0xcf057fe000 of 8192 bytes failed: Only part of a ReadProcessMemory or WriteProcessMemory request was completed. (0x12B)
[1118/124702.354:ERROR:process_reader_win.cc(242)] ReadMemory at 0xcf059fd000 of 12288 bytes failed: Only part of a ReadProcessMemory or WriteProcessMemory request was completed. (0x12B)
[1118/124702.354:ERROR:process_reader_win.cc(242)] ReadMemory at 0xcf05bfe000 of 8192 bytes failed: Only part of a ReadProcessMemory or WriteProcessMemory request was completed. (0x12B)
[1118/124702.354:ERROR:process_reader_win.cc(242)] ReadMemory at 0xcf05dfe000 of 8192 bytes failed: Only part of a ReadProcessMemory or WriteProcessMemory request was completed. (0x12B)
[1118/124702.354:ERROR:process_reader_win.cc(242)] ReadMemory at 0xcf05ffd000 of 12288 bytes failed: Only part of a ReadProcessMemory or WriteProcessMemory request was completed. (0x12B)
[1118/124702.354:ERROR:process_reader_win.cc(242)] ReadMemory at 0xcf061fe000 of 8192 bytes failed: Only part of a ReadProcessMemory or WriteProcessMemory request was completed. (0x12B)
[1118/124702.354:ERROR:process_reader_win.cc(242)] ReadMemory at 0xcf063fe000 of 8192 bytes failed: Only part of a ReadProcessMemory or WriteProcessMemory request was completed. (0x12B)
[1118/124702.354:ERROR:process_reader_win.cc(242)] ReadMemory at 0xcf065fe000 of 8192 bytes failed: Only part of a ReadProcessMemory or WriteProcessMemory request was completed. (0x12B)
[1118/124702.354:ERROR:process_reader_win.cc(242)] ReadMemory at 0xcf067fe000 of 8192 bytes failed: Only part of a ReadProcessMemory or WriteProcessMemory request was completed. (0x12B)
[1118/124702.354:ERROR:process_reader_win.cc(242)] ReadMemory at 0xcf069fe000 of 8192 bytes failed: Only part of a ReadProcessMemory or WriteProcessMemory request was completed. (0x12B)
[1118/124702.354:ERROR:process_reader_win.cc(242)] ReadMemory at 0xcf04ac0000 of 852 bytes failed: Only part of a ReadProcessMemory or WriteProcessMemory request was completed. (0x12B)
[1118/124702.354:ERROR:process_reader_win.cc(242)] ReadMemory at 0xcf04ac1000 of 6024 bytes failed: Only part of a ReadProcessMemory or WriteProcessMemory request was completed. (0x12B)
[1118/124702.369:ERROR:process_reader_win.cc(242)] ReadMemory at 0xcf04ac3000 of 6024 bytes failed: Only part of a ReadProcessMemory or WriteProcessMemory request was completed. (0x12B)
[1118/124702.369:ERROR:process_reader_win.cc(242)] ReadMemory at 0xcf04ac5000 of 6024 bytes failed: Only part of a ReadProcessMemory or WriteProcessMemory request was completed. (0x12B)
[1118/124702.369:ERROR:process_reader_win.cc(242)] ReadMemory at 0xcf04ac7000 of 6024 bytes failed: Only part of a ReadProcessMemory or WriteProcessMemory request was completed. (0x12B)
[1118/124702.369:ERROR:process_reader_win.cc(242)] ReadMemory at 0xcf04ac9000 of 6024 bytes failed: Only part of a ReadProcessMemory or WriteProcessMemory request was completed. (0x12B)
[1118/124702.369:ERROR:process_reader_win.cc(242)] ReadMemory at 0xcf04acb000 of 6024 bytes failed: Only part of a ReadProcessMemory or WriteProcessMemory request was completed. (0x12B)
[1118/124702.369:ERROR:process_reader_win.cc(242)] ReadMemory at 0xcf04acd000 of 6024 bytes failed: Only part of a ReadProcessMemory or WriteProcessMemory request was completed. (0x12B)
[1118/124702.369:ERROR:process_reader_win.cc(242)] ReadMemory at 0xcf04acf000 of 6024 bytes failed: Only part of a ReadProcessMemory or WriteProcessMemory request was completed. (0x12B)
[1118/124702.369:ERROR:process_reader_win.cc(242)] ReadMemory at 0xcf04ad1000 of 6024 bytes failed: Only part of a ReadProcessMemory or WriteProcessMemory request was completed. (0x12B)
[1118/124702.369:ERROR:process_reader_win.cc(242)] ReadMemory at 0xcf04ad3000 of 6024 bytes failed: Only part of a ReadProcessMemory or WriteProcessMemory request was completed. (0x12B)
[1118/124702.369:ERROR:process_reader_win.cc(242)] ReadMemory at 0xcf04ad5000 of 6024 bytes failed: Only part of a ReadProcessMemory or WriteProcessMemory request was completed. (0x12B)
[1118/124702.369:ERROR:process_reader_win.cc(242)] ReadMemory at 0xcf04ad7000 of 6024 bytes failed: Only part of a ReadProcessMemory or WriteProcessMemory request was completed. (0x12B)
[1118/124702.369:ERROR:process_reader_win.cc(242)] ReadMemory at 0xcf04ad9000 of 6024 bytes failed: Only part of a ReadProcessMemory or WriteProcessMemory request was completed. (0x12B)
[1118/124702.369:ERROR:process_reader_win.cc(242)] ReadMemory at 0xcf04adb000 of 6024 bytes failed: Only part of a ReadProcessMemory or WriteProcessMemory request was completed. (0x12B)
[1118/124702.369:ERROR:process_reader_win.cc(242)] ReadMemory at 0xcf04add000 of 6024 bytes failed: Only part of a ReadProcessMemory or WriteProcessMemory request was completed. (0x12B)
[1118/124702.369:ERROR:process_reader_win.cc(242)] ReadMemory at 0x26570340fc0 of 7248 bytes failed: Only part of a ReadProcessMemory or WriteProcessMemory request was completed. (0x12B)
[1118/124702.369:ERROR:process_reader_win.cc(242)] ReadMemory at 0x26570342c20 of 1012 bytes failed: Only part of a ReadProcessMemory or WriteProcessMemory request was completed. (0x12B)
[1118/124702.369:ERROR:process_reader_win.cc(242)] ReadMemory at 0x26570343238 of 118 bytes failed: Only part of a ReadProcessMemory or WriteProcessMemory request was completed. (0x12B)
[1118/124702.369:ERROR:process_reader_win.cc(242)] ReadMemory at 0x265703432b0 of 1340 bytes failed: Only part of a ReadProcessMemory or WriteProcessMemory request was completed. (0x12B)
[1118/124702.369:ERROR:process_reader_win.cc(242)] ReadMemory at 0x265703437ee of 118 bytes failed: Only part of a ReadProcessMemory or WriteProcessMemory request was completed. (0x12B)
[1118/124702.369:ERROR:process_reader_win.cc(242)] ReadMemory at 0x26570343866 of 98 bytes failed: Only part of a ReadProcessMemory or WriteProcessMemory request was completed. (0x12B)
[1118/124702.369:ERROR:process_reader_win.cc(242)] ReadMemory at 0x265703438e0 of 58 bytes failed: Only part of a ReadProcessMemory or WriteProcessMemory request was completed. (0x12B)
[1118/124702.369:ERROR:process_reader_win.cc(242)] ReadMemory at 0x265703439e0 of 132 bytes failed: Only part of a ReadProcessMemory or WriteProcessMemory request was completed. (0x12B)
[1118/124702.369:ERROR:process_reader_win.cc(242)] ReadMemory at 0x26570343b70 of 132 bytes failed: Only part of a ReadProcessMemory or WriteProcessMemory request was completed. (0x12B)
[1118/124702.369:ERROR:process_reader_win.cc(242)] ReadMemory at 0x26570343d30 of 126 bytes failed: Only part of a ReadProcessMemory or WriteProcessMemory request was completed. (0x12B)
[1118/124702.369:ERROR:process_reader_win.cc(242)] ReadMemory at 0x26570344110 of 132 bytes failed: Only part of a ReadProcessMemory or WriteProcessMemory request was completed. (0x12B)
[1118/124702.369:ERROR:process_reader_win.cc(242)] ReadMemory at 0x265703442a0 of 64 bytes failed: Only part of a ReadProcessMemory or WriteProcessMemory request was completed. (0x12B)
[1118/124702.369:ERROR:process_reader_win.cc(242)] ReadMemory at 0x26570344400 of 132 bytes failed: Only part of a ReadProcessMemory or WriteProcessMemory request was completed. (0x12B)
[1118/124702.369:ERROR:process_reader_win.cc(242)] ReadMemory at 0x26570344600 of 62 bytes failed: Only part of a ReadProcessMemory or WriteProcessMemory request was completed. (0x12B)
[1118/124702.369:ERROR:process_reader_win.cc(242)] ReadMemory at 0x265703446f0 of 132 bytes failed: Only part of a ReadProcessMemory or WriteProcessMemory request was completed. (0x12B)
[1118/124702.369:ERROR:process_reader_win.cc(242)] ReadMemory at 0x26570344880 of 68 bytes failed: Only part of a ReadProcessMemory or WriteProcessMemory request was completed. (0x12B)
[1118/124702.369:ERROR:process_reader_win.cc(242)] ReadMemory at 0x2657034ad90 of 132 bytes failed: Only part of a ReadProcessMemory or WriteProcessMemory request was completed. (0x12B)
[1118/124702.369:ERROR:process_reader_win.cc(242)] ReadMemory at 0x2657034afd0 of 132 bytes failed: Only part of a ReadProcessMemory or WriteProcessMemory request was completed. (0x12B)
[1118/124702.369:ERROR:process_reader_win.cc(242)] ReadMemory at 0x2657034b160 of 62 bytes failed: Only part of a ReadProcessMemory or WriteProcessMemory request was completed. (0x12B)
[1118/124702.369:ERROR:process_reader_win.cc(242)] ReadMemory at 0x2657034c8d0 of 132 bytes failed: Only part of a ReadProcessMemory or WriteProcessMemory request was completed. (0x12B)
[1118/124702.369:ERROR:process_reader_win.cc(242)] ReadMemory at 0x2657034ca60 of 60 bytes failed: Only part of a ReadProcessMemory or WriteProcessMemory request was completed. (0x12B)
[1118/124702.369:ERROR:process_reader_win.cc(242)] ReadMemory at 0x2657034cab0 of 158 bytes failed: Only part of a ReadProcessMemory or WriteProcessMemory request was completed. (0x12B)
[1118/124702.369:ERROR:process_reader_win.cc(242)] ReadMemory at 0x2657034ccb0 of 132 bytes failed: Only part of a ReadProcessMemory or WriteProcessMemory request was completed. (0x12B)
[1118/124702.369:ERROR:process_reader_win.cc(242)] ReadMemory at 0x2657034ce40 of 64 bytes failed: Only part of a ReadProcessMemory or WriteProcessMemory request was completed. (0x12B)
[1118/124702.369:ERROR:process_reader_win.cc(242)] ReadMemory at 0x2657034d0c0 of 132 bytes failed: Only part of a ReadProcessMemory or WriteProcessMemory request was completed. (0x12B)
[1118/124702.369:ERROR:process_reader_win.cc(242)] ReadMemory at 0x2657034d250 of 64 bytes failed: Only part of a ReadProcessMemory or WriteProcessMemory request was completed. (0x12B)
[1118/124702.369:ERROR:process_reader_win.cc(242)] ReadMemory at 0x2657034d4b0 of 132 bytes failed: Only part of a ReadProcessMemory or WriteProcessMemory request was completed. (0x12B)
[1118/124702.369:ERROR:process_reader_win.cc(242)] ReadMemory at 0x2657034d640 of 60 bytes failed: Only part of a ReadProcessMemory or WriteProcessMemory request was completed. (0x12B)
[1118/124702.369:ERROR:process_reader_win.cc(242)] ReadMemory at 0x2657034d960 of 132 bytes failed: Only part of a ReadProcessMemory or WriteProcessMemory request was completed. (0x12B)
[1118/124702.369:ERROR:process_reader_win.cc(242)] ReadMemory at 0x2657034daf0 of 60 bytes failed: Only part of a ReadProcessMemory or WriteProcessMemory request was completed. (0x12B)
[1118/124702.369:ERROR:process_reader_win.cc(242)] ReadMemory at 0x2657034dd30 of 132 bytes failed: Only part of a ReadProcessMemory or WriteProcessMemory request was completed. (0x12B)
[1118/124702.369:ERROR:process_reader_win.cc(242)] ReadMemory at 0x2657034dec0 of 62 bytes failed: Only part of a ReadProcessMemory or WriteProcessMemory request was completed. (0x12B)
[1118/124702.369:ERROR:process_reader_win.cc(242)] ReadMemory at 0x2657034df10 of 246 bytes failed: Only part of a ReadProcessMemory or WriteProcessMemory request was completed. (0x12B)
[1118/124702.369:ERROR:process_reader_win.cc(242)] ReadMemory at 0x2657034ea10 of 132 bytes failed: Only part of a ReadProcessMemory or WriteProcessMemory request was completed. (0x12B)
[1118/124702.369:ERROR:process_reader_win.cc(242)] ReadMemory at 0x2657034ee30 of 78 bytes failed: Only part of a ReadProcessMemory or WriteProcessMemory request was completed. (0x12B)
[1118/124702.369:ERROR:process_reader_win.cc(242)] ReadMemory at 0x2657034ef50 of 76 bytes failed: Only part of a ReadProcessMemory or WriteProcessMemory request was completed. (0x12B)
[1118/124702.369:ERROR:process_reader_win.cc(242)] ReadMemory at 0x2657034f070 of 80 bytes failed: Only part of a ReadProcessMemory or WriteProcessMemory request was completed. (0x12B)
[1118/124702.369:ERROR:process_reader_win.cc(242)] ReadMemory at 0x2657034f4e0 of 132 bytes failed: Only part of a ReadProcessMemory or WriteProcessMemory request was completed. (0x12B)
[1118/124702.369:ERROR:process_reader_win.cc(242)] ReadMemory at 0x2657034f9c0 of 132 bytes failed: Only part of a ReadProcessMemory or WriteProcessMemory request was completed. (0x12B)
[1118/124702.369:ERROR:process_reader_win.cc(242)] ReadMemory at 0x2657034faf0 of 64 bytes failed: Only part of a ReadProcessMemory or WriteProcessMemory request was completed. (0x12B)
[1118/124702.369:ERROR:process_reader_win.cc(242)] ReadMemory at 0x26570350c60 of 132 bytes failed: Only part of a ReadProcessMemory or WriteProcessMemory request was completed. (0x12B)
[1118/124702.369:ERROR:process_reader_win.cc(242)] ReadMemory at 0x26570350e30 of 64 bytes failed: Only part of a ReadProcessMemory or WriteProcessMemory request was completed. (0x12B)
[1118/124702.369:ERROR:process_reader_win.cc(242)] ReadMemory at 0x26570350e80 of 58 bytes failed: Only part of a ReadProcessMemory or WriteProcessMemory request was completed. (0x12B)
[1118/124702.369:ERROR:process_reader_win.cc(242)] ReadMemory at 0x26570350ed0 of 62 bytes failed: Only part of a ReadProcessMemory or WriteProcessMemory request was completed. (0x12B)
[1118/124702.369:ERROR:process_reader_win.cc(242)] ReadMemory at 0x26570350fc0 of 58 bytes failed: Only part of a ReadProcessMemory or WriteProcessMemory request was completed. (0x12B)
[1118/124702.369:ERROR:process_reader_win.cc(242)] ReadMemory at 0x265703510b0 of 62 bytes failed: Only part of a ReadProcessMemory or WriteProcessMemory request was completed. (0x12B)
[1118/124702.369:ERROR:process_reader_win.cc(242)] ReadMemory at 0x26570351100 of 62 bytes failed: Only part of a ReadProcessMemory or WriteProcessMemory request was completed. (0x12B)
[1118/124702.369:ERROR:process_reader_win.cc(242)] ReadMemory at 0x26570351150 of 58 bytes failed: Only part of a ReadProcessMemory or WriteProcessMemory request was completed. (0x12B)
[1118/124702.369:ERROR:process_reader_win.cc(242)] ReadMemory at 0x265703511a0 of 60 bytes failed: Only part of a ReadProcessMemory or WriteProcessMemory request was completed. (0x12B)
[1118/124702.369:ERROR:process_reader_win.cc(242)] ReadMemory at 0x265703511f0 of 66 bytes failed: Only part of a ReadProcessMemory or WriteProcessMemory request was completed. (0x12B)
[1118/124702.369:ERROR:process_reader_win.cc(242)] ReadMemory at 0x26570351240 of 64 bytes failed: Only part of a ReadProcessMemory or WriteProcessMemory request was completed. (0x12B)
[1118/124702.369:ERROR:process_reader_win.cc(242)] ReadMemory at 0x265703512e0 of 62 bytes failed: Only part of a ReadProcessMemory or WriteProcessMemory request was completed. (0x12B)
[1118/124702.369:ERROR:process_reader_win.cc(242)] ReadMemory at 0x26570351330 of 66 bytes failed: Only part of a ReadProcessMemory or WriteProcessMemory request was completed. (0x12B)
[1118/124702.369:ERROR:process_reader_win.cc(242)] ReadMemory at 0x265703513d0 of 62 bytes failed: Only part of a ReadProcessMemory or WriteProcessMemory request was completed. (0x12B)
[1118/124702.369:ERROR:process_reader_win.cc(242)] ReadMemory at 0x26570351420 of 60 bytes failed: Only part of a ReadProcessMemory or WriteProcessMemory request was completed. (0x12B)
[1118/124702.369:ERROR:process_reader_win.cc(242)] ReadMemory at 0x265703514c0 of 60 bytes failed: Only part of a ReadProcessMemory or WriteProcessMemory request was completed. (0x12B)
[1118/124702.369:ERROR:process_reader_win.cc(242)] ReadMemory at 0x265703516c0 of 132 bytes failed: Only part of a ReadProcessMemory or WriteProcessMemory request was completed. (0x12B)
[1118/124702.369:ERROR:process_reader_win.cc(242)] ReadMemory at 0x265703517f0 of 132 bytes failed: Only part of a ReadProcessMemory or WriteProcessMemory request was completed. (0x12B)
[1118/124702.369:ERROR:process_reader_win.cc(242)] ReadMemory at 0x26570351920 of 132 bytes failed: Only part of a ReadProcessMemory or WriteProcessMemory request was completed. (0x12B)
[1118/124702.369:ERROR:process_reader_win.cc(242)] ReadMemory at 0x26570351a50 of 132 bytes failed: Only part of a ReadProcessMemory or WriteProcessMemory request was completed. (0x12B)
[1118/124702.369:ERROR:process_reader_win.cc(242)] ReadMemory at 0x26570351b80 of 132 bytes failed: Only part of a ReadProcessMemory or WriteProcessMemory request was completed. (0x12B)
[1118/124702.369:ERROR:process_reader_win.cc(242)] ReadMemory at 0x26570351cb0 of 132 bytes failed: Only part of a ReadProcessMemory or WriteProcessMemory request was completed. (0x12B)
[1118/124702.369:ERROR:process_reader_win.cc(242)] ReadMemory at 0x26570351de0 of 132 bytes failed: Only part of a ReadProcessMemory or WriteProcessMemory request was completed. (0x12B)
[1118/124702.369:ERROR:process_reader_win.cc(242)] ReadMemory at 0x26570351f10 of 132 bytes failed: Only part of a ReadProcessMemory or WriteProcessMemory request was completed. (0x12B)
[1118/124702.369:ERROR:process_reader_win.cc(242)] ReadMemory at 0x26570352040 of 132 bytes failed: Only part of a ReadProcessMemory or WriteProcessMemory request was completed. (0x12B)
[1118/124702.369:ERROR:process_reader_win.cc(242)] ReadMemory at 0x26570352170 of 132 bytes failed: Only part of a ReadProcessMemory or WriteProcessMemory request was completed. (0x12B)
[1118/124702.369:ERROR:process_reader_win.cc(242)] ReadMemory at 0x265703522a0 of 132 bytes failed: Only part of a ReadProcessMemory or WriteProcessMemory request was completed. (0x12B)
[1118/124702.369:ERROR:process_reader_win.cc(242)] ReadMemory at 0x265703523d0 of 132 bytes failed: Only part of a ReadProcessMemory or WriteProcessMemory request was completed. (0x12B)
[1118/124702.369:ERROR:process_reader_win.cc(242)] ReadMemory at 0x26570352500 of 132 bytes failed: Only part of a ReadProcessMemory or WriteProcessMemory request was completed. (0x12B)
[1118/124702.369:ERROR:process_reader_win.cc(242)] ReadMemory at 0x265703526ec of 512 bytes failed: Only part of a ReadProcessMemory or WriteProcessMemory request was completed. (0x12B)
[1118/124702.369:ERROR:process_reader_win.cc(242)] ReadMemory at 0x26570353c10 of 512 bytes failed: Only part of a ReadProcessMemory or WriteProcessMemory request was completed. (0x12B)
[1118/124702.369:ERROR:process_reader_win.cc(242)] ReadMemory at 0x26570354110 of 132 bytes failed: Only part of a ReadProcessMemory or WriteProcessMemory request was completed. (0x12B)
[1118/124702.369:ERROR:process_reader_win.cc(242)] ReadMemory at 0x26570354240 of 132 bytes failed: Only part of a ReadProcessMemory or WriteProcessMemory request was completed. (0x12B)
[1118/124702.369:ERROR:process_reader_win.cc(242)] ReadMemory at 0x26570354370 of 132 bytes failed: Only part of a ReadProcessMemory or WriteProcessMemory request was completed. (0x12B)
[1118/124702.369:ERROR:process_reader_win.cc(242)] ReadMemory at 0x265703544a0 of 132 bytes failed: Only part of a ReadProcessMemory or WriteProcessMemory request was completed. (0x12B)
[1118/124702.369:ERROR:process_reader_win.cc(242)] ReadMemory at 0x265703545d0 of 132 bytes failed: Only part of a ReadProcessMemory or WriteProcessMemory request was completed. (0x12B)
[1118/124702.369:ERROR:process_reader_win.cc(242)] ReadMemory at 0x26570354700 of 132 bytes failed: Only part of a ReadProcessMemory or WriteProcessMemory request was completed. (0x12B)
[1118/124702.369:ERROR:process_reader_win.cc(242)] ReadMemory at 0x26570354830 of 132 bytes failed: Only part of a ReadProcessMemory or WriteProcessMemory request was completed. (0x12B)
[1118/124702.369:ERROR:process_reader_win.cc(242)] ReadMemory at 0x26570354960 of 132 bytes failed: Only part of a ReadProcessMemory or WriteProcessMemory request was completed. (0x12B)
[1118/124702.369:ERROR:process_reader_win.cc(242)] ReadMemory at 0x26570354a90 of 132 bytes failed: Only part of a ReadProcessMemory or WriteProcessMemory request was completed. (0x12B)
[1118/124702.369:ERROR:process_reader_win.cc(242)] ReadMemory at 0x26570354bc0 of 132 bytes failed: Only part of a ReadProcessMemory or WriteProcessMemory request was completed. (0x12B)
[1118/124702.369:ERROR:process_reader_win.cc(242)] ReadMemory at 0x26570354cf0 of 132 bytes failed: Only part of a ReadProcessMemory or WriteProcessMemory request was completed. (0x12B)
[1118/124702.369:ERROR:process_reader_win.cc(242)] ReadMemory at 0x26570354e20 of 132 bytes failed: Only part of a ReadProcessMemory or WriteProcessMemory request was completed. (0x12B)
[1118/124702.369:ERROR:process_reader_win.cc(242)] ReadMemory at 0x26570354f50 of 132 bytes failed: Only part of a ReadProcessMemory or WriteProcessMemory request was completed. (0x12B)
[1118/124702.369:ERROR:process_reader_win.cc(242)] ReadMemory at 0x26570355080 of 132 bytes failed: Only part of a ReadProcessMemory or WriteProcessMemory request was completed. (0x12B)
[1118/124702.369:ERROR:process_reader_win.cc(242)] ReadMemory at 0x265703551b0 of 132 bytes failed: Only part of a ReadProcessMemory or WriteProcessMemory request was completed. (0x12B)
[1118/124702.369:ERROR:process_reader_win.cc(242)] ReadMemory at 0x265703552e0 of 132 bytes failed: Only part of a ReadProcessMemory or WriteProcessMemory request was completed. (0x12B)
[1118/124702.369:ERROR:process_reader_win.cc(242)] ReadMemory at 0x26570355410 of 132 bytes failed: Only part of a ReadProcessMemory or WriteProcessMemory request was completed. (0x12B)
[1118/124702.369:ERROR:process_reader_win.cc(242)] ReadMemory at 0x26570355540 of 132 bytes failed: Only part of a ReadProcessMemory or WriteProcessMemory request was completed. (0x12B)
[1118/124702.369:ERROR:process_reader_win.cc(242)] ReadMemory at 0x26570355670 of 132 bytes failed: Only part of a ReadProcessMemory or WriteProcessMemory request was completed. (0x12B)
[1118/124702.369:ERROR:process_reader_win.cc(242)] ReadMemory at 0x265703557a0 of 132 bytes failed: Only part of a ReadProcessMemory or WriteProcessMemory request was completed. (0x12B)
[1118/124702.369:ERROR:process_reader_win.cc(242)] ReadMemory at 0x265703558d0 of 132 bytes failed: Only part of a ReadProcessMemory or WriteProcessMemory request was completed. (0x12B)
[1118/124702.369:ERROR:process_reader_win.cc(242)] ReadMemory at 0x26570355b30 of 132 bytes failed: Only part of a ReadProcessMemory or WriteProcessMemory request was completed. (0x12B)
[1118/124702.369:ERROR:process_reader_win.cc(242)] ReadMemory at 0x26570355c60 of 132 bytes failed: Only part of a ReadProcessMemory or WriteProcessMemory request was completed. (0x12B)
[1118/124702.369:ERROR:process_reader_win.cc(242)] ReadMemory at 0x26570355d90 of 132 bytes failed: Only part of a ReadProcessMemory or WriteProcessMemory request was completed. (0x12B)
[1118/124702.369:ERROR:process_reader_win.cc(242)] ReadMemory at 0x26570355ec0 of 132 bytes failed: Only part of a ReadProcessMemory or WriteProcessMemory request was completed. (0x12B)
[1118/124702.369:ERROR:process_reader_win.cc(242)] ReadMemory at 0x265703570e0 of 154 bytes failed: Only part of a ReadProcessMemory or WriteProcessMemory request was completed. (0x12B)
[1118/124702.369:ERROR:process_reader_win.cc(242)] ReadMemory at 0x26570359f60 of 58 bytes failed: Only part of a ReadProcessMemory or WriteProcessMemory request was completed. (0x12B)
[1118/124702.369:ERROR:process_reader_win.cc(242)] ReadMemory at 0x26570359fb0 of 64 bytes failed: Only part of a ReadProcessMemory or WriteProcessMemory request was completed. (0x12B)
[1118/124702.369:ERROR:process_reader_win.cc(242)] ReadMemory at 0x2657035a1e0 of 64 bytes failed: Only part of a ReadProcessMemory or WriteProcessMemory request was completed. (0x12B)
[1118/124702.369:ERROR:process_reader_win.cc(242)] ReadMemory at 0x2657035a230 of 60 bytes failed: Only part of a ReadProcessMemory or WriteProcessMemory request was completed. (0x12B)
[1118/124702.369:ERROR:process_reader_win.cc(242)] ReadMemory at 0x2657035a280 of 62 bytes failed: Only part of a ReadProcessMemory or WriteProcessMemory request was completed. (0x12B)
[1118/124702.369:ERROR:process_reader_win.cc(242)] ReadMemory at 0x2657035a2d0 of 64 bytes failed: Only part of a ReadProcessMemory or WriteProcessMemory request was completed. (0x12B)
[1118/124702.369:ERROR:process_reader_win.cc(242)] ReadMemory at 0x2657035a640 of 60 bytes failed: Only part of a ReadProcessMemory or WriteProcessMemory request was completed. (0x12B)
[1118/124702.369:ERROR:process_reader_win.cc(242)] ReadMemory at 0x2657035a690 of 58 bytes failed: Only part of a ReadProcessMemory or WriteProcessMemory request was completed. (0x12B)
[1118/124702.369:ERROR:process_reader_win.cc(242)] ReadMemory at 0x2657035a820 of 66 bytes failed: Only part of a ReadProcessMemory or WriteProcessMemory request was completed. (0x12B)
[1118/124702.369:ERROR:process_reader_win.cc(242)] ReadMemory at 0x2657035a9b0 of 66 bytes failed: Only part of a ReadProcessMemory or WriteProcessMemory request was completed. (0x12B)
[1118/124702.369:ERROR:process_reader_win.cc(242)] ReadMemory at 0x26570360a80 of 54 bytes failed: Only part of a ReadProcessMemory or WriteProcessMemory request was completed. (0x12B)
[1118/124702.369:ERROR:process_reader_win.cc(242)] ReadMemory at 0x26570368b30 of 60 bytes failed: Only part of a ReadProcessMemory or WriteProcessMemory request was completed. (0x12B)
[1118/124702.369:ERROR:process_reader_win.cc(242)] ReadMemory at 0x26570368b80 of 56 bytes failed: Only part of a ReadProcessMemory or WriteProcessMemory request was completed. (0x12B)
[1118/124702.369:ERROR:process_reader_win.cc(242)] ReadMemory at 0x26570368f40 of 62 bytes failed: Only part of a ReadProcessMemory or WriteProcessMemory request was completed. (0x12B)
[1118/124702.369:ERROR:process_reader_win.cc(242)] ReadMemory at 0x265703691c0 of 60 bytes failed: Only part of a ReadProcessMemory or WriteProcessMemory request was completed. (0x12B)
[1118/124702.369:ERROR:process_reader_win.cc(242)] ReadMemory at 0x26570369210 of 64 bytes failed: Only part of a ReadProcessMemory or WriteProcessMemory request was completed. (0x12B)
[1118/124702.369:ERROR:process_reader_win.cc(242)] ReadMemory at 0x26570369260 of 64 bytes failed: Only part of a ReadProcessMemory or WriteProcessMemory request was completed. (0x12B)
[1118/124702.369:ERROR:process_reader_win.cc(242)] ReadMemory at 0x26570369300 of 58 bytes failed: Only part of a ReadProcessMemory or WriteProcessMemory request was completed. (0x12B)
[1118/124702.369:ERROR:process_reader_win.cc(242)] ReadMemory at 0x26570369350 of 60 bytes failed: Only part of a ReadProcessMemory or WriteProcessMemory request was completed. (0x12B)
[1118/124702.369:ERROR:process_reader_win.cc(242)] ReadMemory at 0x26570369440 of 64 bytes failed: Only part of a ReadProcessMemory or WriteProcessMemory request was completed. (0x12B)
[1118/124702.369:ERROR:process_reader_win.cc(242)] ReadMemory at 0x265703694e0 of 62 bytes failed: Only part of a ReadProcessMemory or WriteProcessMemory request was completed. (0x12B)
[1118/124702.369:ERROR:process_reader_win.cc(242)] ReadMemory at 0x26570369710 of 58 bytes failed: Only part of a ReadProcessMemory or WriteProcessMemory request was completed. (0x12B)
[1118/124702.369:ERROR:process_reader_win.cc(242)] ReadMemory at 0x26570369760 of 62 bytes failed: Only part of a ReadProcessMemory or WriteProcessMemory request was completed. (0x12B)
[1118/124702.369:ERROR:process_reader_win.cc(242)] ReadMemory at 0x26570369800 of 62 bytes failed: Only part of a ReadProcessMemory or WriteProcessMemory request was completed. (0x12B)
[1118/124702.369:ERROR:process_reader_win.cc(242)] ReadMemory at 0x26570369850 of 62 bytes failed: Only part of a ReadProcessMemory or WriteProcessMemory request was completed. (0x12B)
[1118/124702.369:ERROR:process_reader_win.cc(242)] ReadMemory at 0x2657036a4b0 of 132 bytes failed: Only part of a ReadProcessMemory or WriteProcessMemory request was completed. (0x12B)
[1118/124702.369:ERROR:process_reader_win.cc(242)] ReadMemory at 0x2657036b420 of 132 bytes failed: Only part of a ReadProcessMemory or WriteProcessMemory request was completed. (0x12B)
[1118/124702.369:ERROR:process_reader_win.cc(242)] ReadMemory at 0x2657036b680 of 132 bytes failed: Only part of a ReadProcessMemory or WriteProcessMemory request was completed. (0x12B)
[1118/124702.369:ERROR:process_reader_win.cc(242)] ReadMemory at 0x2657036b7b0 of 132 bytes failed: Only part of a ReadProcessMemory or WriteProcessMemory request was completed. (0x12B)
[1118/124702.369:ERROR:process_reader_win.cc(242)] ReadMemory at 0x2657037c5f0 of 512 bytes failed: Only part of a ReadProcessMemory or WriteProcessMemory request was completed. (0x12B)
[1118/124702.369:ERROR:process_reader_win.cc(242)] ReadMemory at 0x26570560e80 of 512 bytes failed: Only part of a ReadProcessMemory or WriteProcessMemory request was completed. (0x12B)
[1118/124702.369:ERROR:process_reader_win.cc(242)] ReadMemory at 0x265708617d0 of 512 bytes failed: Only part of a ReadProcessMemory or WriteProcessMemory request was completed. (0x12B)
[1118/124702.369:ERROR:process_reader_win.cc(242)] ReadMemory at 0x26570890060 of 984 bytes failed: Only part of a ReadProcessMemory or WriteProcessMemory request was completed. (0x12B)
[1118/124702.369:ERROR:process_reader_win.cc(242)] ReadMemory at 0x265708aaec0 of 512 bytes failed: Only part of a ReadProcessMemory or WriteProcessMemory request was completed. (0x12B)
[1118/124702.369:ERROR:process_reader_win.cc(242)] ReadMemory at 0x265708b1900 of 688 bytes failed: Only part of a ReadProcessMemory or WriteProcessMemory request was completed. (0x12B)
[1118/124702.369:ERROR:process_reader_win.cc(242)] ReadMemory at 0x26570995a28 of 512 bytes failed: Only part of a ReadProcessMemory or WriteProcessMemory request was completed. (0x12B)
[1118/124702.369:ERROR:process_reader_win.cc(242)] ReadMemory at 0x265727b8cd8 of 512 bytes failed: Only part of a ReadProcessMemory or WriteProcessMemory request was completed. (0x12B)
[1118/124702.369:ERROR:process_reader_win.cc(242)] ReadMemory at 0x265727dc3e0 of 512 bytes failed: Only part of a ReadProcessMemory or WriteProcessMemory request was completed. (0x12B)
[1118/124702.369:ERROR:process_reader_win.cc(242)] ReadMemory at 0x265727f31a0 of 512 bytes failed: Only part of a ReadProcessMemory or WriteProcessMemory request was completed. (0x12B)
[1118/124702.369:ERROR:process_reader_win.cc(242)] ReadMemory at 0x265728f23f8 of 512 bytes failed: Only part of a ReadProcessMemory or WriteProcessMemory request was completed. (0x12B)
[1118/124702.369:ERROR:process_reader_win.cc(242)] ReadMemory at 0x2657293afa0 of 512 bytes failed: Only part of a ReadProcessMemory or WriteProcessMemory request was completed. (0x12B)
[1118/124702.369:ERROR:process_reader_win.cc(242)] ReadMemory at 0x26572aaff80 of 512 bytes failed: Only part of a ReadProcessMemory or WriteProcessMemory request was completed. (0x12B)
[1118/124702.369:ERROR:process_reader_win.cc(242)] ReadMemory at 0x26572ad6c90 of 512 bytes failed: Only part of a ReadProcessMemory or WriteProcessMemory request was completed. (0x12B)
[1118/124702.369:ERROR:process_reader_win.cc(242)] ReadMemory at 0x26572ad982a of 512 bytes failed: Only part of a ReadProcessMemory or WriteProcessMemory request was completed. (0x12B)
[1118/124702.369:ERROR:process_reader_win.cc(242)] ReadMemory at 0x265731db670 of 512 bytes failed: Only part of a ReadProcessMemory or WriteProcessMemory request was completed. (0x12B)
[1118/124702.369:ERROR:process_reader_win.cc(242)] ReadMemory at 0x4e68d1124670 of 512 bytes failed: Only part of a ReadProcessMemory or WriteProcessMemory request was completed. (0x12B)
[1118/124702.463:ERROR:scoped_process_suspend.cc(40)] NtResumeProcess: An attempt was made to access an exiting process. (0xc000010a)
