SPi60odGXFNSUTNujWQTmjEpJi8MvYqteHM4y5ynfisuLd4+n1lSKSiInJy3AQxO5bE6SBNdvYEWBRyMcsQfGpks71KLBiubd5XjSltDaSNPVA9poww=
t34/iusfQ9uSQMumQsG3diDm4Rsp5Zij+KuceZo867ifRNXt+/zDcG0uPPoO7nttX0Pl81EdQzy0RHCv3qAmtQx9b2AdZNO6YliT8nb5IuAeN/T/Xq6r90oiTWFCxLKi+L1PIwuhBjJf1YolmCTE8NZtFGJVfSKEk5GlTaYpBOASqEe2KSA33ksK8xdHubsmOy/xj3+Yl6WjwA==
lzj1C8YyKdH8TLv9ds6n1DxsxcQ1lklqGnJxZl/hwbdHQh4c0M3Akk21TrYf0cKxyDDsXHdJPLbFqSpAE1WtmTb9LMSyDG+iebR/2guOuwMXLRMCG4tZW29MH2GjBA==
VaWfgDmPG61VgxB4NcjPSg6DvZQBY2eWjCoXscJHPgJsVW3J2sTxVRiz3o+JPxqd8gbTfL4Of1KjmBGie6groMfJz0ungIs1tQEnujtzowo=
yAsE9HAUJYFwRpk7qk0jKxHwceNAc3KpuDEXxJ2rN7XGfkhz0iuOF6vpQz2fdbfewRWKe+4xB/Pc78oblyV8oxs=
dn/OVg8++2BD25td790+o7bD9Wj3pzFkpd1U84cKbKCjJLyWS2k3VfctCXZk6ljye64ToLe8HwwmTBPHpWbtPc1vobAVsvMfQ7up983dpayeBxo1eayvwHxp8j8WGeRNN2s6S9Xpaz6nH7RGErTs6VvtoPk54pd2+UK04HZ74ykFrnMRztW3v+H8FPIhodp4VGFj9bCvJ+gRFB627xSsf7Zkw5m1zY5w1HH9vIurvoItVSk5pca0zBgd3Nie0qnzywirtDsvHKROAlargKUaGh+v4uYCPlgqvLt7TZCp0DaR6hDhV+KF6/+25fMgSW53m5YBOAS+pZKBLgrXXpOmWZkhZ0RmE9/gy1hvTrOUtyl65tQRl/q3FiglGzSqazUuUDeWu6PhdHE9JvTeFaqa/UV5FWT9PoypgsMLTTjqxoaO8PXkNXyRassp471/NZfaoNUq+w5xJ/O8L2qbd2Vcozs=
TPB1WbV7Rx+pKG0E6y+fKHTp1iZH+t4ldpG+9fEjFfc7A4mEIMod139FP/PxTRvnAz646xv2mabVH0Xu0kgyqLGwrj1+N4Z3cKEw61zRU81RDC41fOus9rKE5WcF+GKsonFJ7yKiMl5pUvFFYzxWNBJ3MgtTnDmLfkhxbRWa0r86seRQfYan187qMPzTedXiDszwzAT8SK0NFhVuHYzPbj16k0bbDESGCFjxcbcue+eW4kLDMrhrKmJT4ZvOnUYo9c5IqQtCSi9pTCAwS9lfkWT/yss1EFmhpN1W2tMXhnaGtuRK4HO/ffSx3Dad8nTRkyrZi0M+YWNE8aK31+4lKAC22bJd5k6n+gsq2RW5w7SiW4PAN1BrXpdse2k2XjCBE3IL9vRtXwROczkuXC9yi+epqJGBrnBO8RLWvYmBMXT5NnCJ3ovPvZxySgYCaFGUcbRNSrch561bTdsabG1Oa4r5m5Pg566rE31Qozc=
z0xmOe89FXebqXzZEmLMzDaBSlC03Tde7ttXZZa3Hdtde5FSsDMBGIcG1qGf+TzqeFoPhp1FDFzFMm09j/xvaqK3O2EEPVXjlmTHnU4BwO5/+xWzBmUg6X88meDyvx/uEl2N1z9+44b8OAR+UfYdehJMRlkHiKQivx2ETJXR+ViNxa20HDToIbwOez8Jhwyi9zM6+hRlQYUm00WZptxKpnVghJJ1tUp42pNQM367YjOWv8+7r3L70EsEYhtH0s+QhFJvrOcUVR96I18KJNyXJNc5zx9iAg8lTwYLMiSTYb59IdJnKF/SleEw8X03X7YASOMlAoSy4+acnr/9p9HnGiTi7EHIgoqIFGGLk20J+eij9KDTVYjIMlJ0Io5aaJkbdFflMqzwLsE/EEiHtfruAVUlPzZHAznkzM/SCIRlLQQLtvB4iOvxSzkgUTXUKWa/sqZAwPoGAnLjOJECO4gqgYdpT+vnoIsV9aGnGntToyo=
4Dh7WXxJeWPS0iwR+msNsLuz6MvcojAZlsp0zgA9EmoUoalPqkynVzYAe3QnpGwYPY60+UhskbQIP6Wz9zDejRJOShzOqq/CVbVdgi+K/SzTi3uCzCAsUGEF/Eupk5QAHxkzq33WBKz80OBlRMmfQKI5LmTgq4yJVFqM2wlJ/0F2yl/jL6pr0RwlNAZUd73RK2TNS9N4sNtdIkywe7B/VZRvNnLDQoR9a+44QB6pLAyZgdJQ6UTZBit1R5Tb8+9dcL19ZZC3Ff0SCMZNGH5YHjUyFwgvZSDf7nXxt3Fk7rYqQM4SuT0Yxd0saHp+N2OyoOmBIG7HWVeniCPpiXIwzZqG0F/NYqdkiKYMoeF9pcJ5GyCzJrn+FJi+3qxypN96GUwvcoona3v3daOqW2Mpg8/0zwmjbA==
rJGjI7bBUQ6iqB64XGf8KhFePnQdCjMq2M92Q3nGG1T6Ur9WlHoYbzAVERlqXsRQVTZdX5z9p0tkiKU3WK1TpI20qyweumE+9WH7GXYfR2ddS50H4IHvLI+S+f32jt4xFBKBm2K5Nu1pqjWQM4LA7H5JEVZy9CkgZNJAKIne7jFuGSCS0XXeH7VlKBAmNgNcYEugP0/3ZvOXzjIBEX7lo/e5FFDUfK+Tveqkx02aJfbeup0tCkjdactHj5fm1eEjlEn81GYXmOBoW0TeSwQI0CluL2HZbeVPSh728gYDomlj6Lcuu8QPqQI23DFPil9WADVj1CLb7S6Ihx5b2/FcMdVWLP4deuJ9/SkdBCWOJGnq0zPtsJoehtYAfUQNbHkqY5m7XXflL1pYhSLbVoFPM5Q/kvv/1QSjYw==
BhmZhwwkhDZ6P5w/d4AffRSDhR+Ul3LjFSSSGbTSJ1Hi9pz1SZpc+w+WzmNyttmw5li8SuTeSjZgNUg2tC2UWYmMhSWVrUWXUUk+nKMVHZMXTCbr7jmpRkjeV76lyaX+z/YFUCP3g/5MXNQskXkEN0nvbHzvZcvXvar80AysGBmktWc8UkXWGODXdPWkJnSn6TUHPYa2p5/v1pOt7FnMerQLRa3bGDU3UwRIp61etMybzIcpZBPODgM+fAGbksA8/tXUcGn9KizpOCF62wm/6DuPFyGAwYUZUMvtgeJ0PjH4AqBixU7vdK8Z2KMeCQnLkRgWyto8Nm55QeC5LVCQBp5Lm85QlXlcbruhK1f025VpDsixavooIw0eXxh42vTdAQFdvoln2M+mxQZoaMIm0JLYJwbpMNcOSluTBwcJW9a7H9H/P4g3daMQ
NK/c4isrx1QSN9ZhBQaS65GTh++VDSi/sMAj8jWL5MeZTjpAn2hSFgF908jXnZ2iZyxLNejNFmG5gGnDCOPK6aABXyQl+9+1rq7wExobltcTeYsdh4UfWiglkpumof+zxB+Cu291VKMz
fKEYtQhJkBlO2AflF/DcTZyzTw1KpHa8NZdfPKyFLM6+mdZMJwQ87vO+ipIeRCnpyy1xpKqO52G9GRFlQwDo1E201QNUR4eDlRVfhusk4SbjROnV79Xfb1/M66E9fZd+Y1+jPg==
4HrGtTAGYEr0RBZB7Y3PZzHe5PvT8cM9bd3TNrhiRmGEUl4WDWXH+KO1gUJbRB/lHPVaIXV43ZNcSzZJPGnr1LFjUzUiNmRjrvMKd2/RX80z/VOZ5B3my3JJw9PYN3aLe21Yoz8=
5+szxZ16nU1OuPBS4AU35Zq4SQRuo2KqE4dfOa+hNsyzmdZMJwQ87vO+ipIeRCnpyy1xpKqO52G9GRFlQwDo1E201QNUR4eDlRVfhusk4SbjROnV79Xfb1/M66E9fZd+Y1+jPg==
KyPqiW3fAB4aN2BJ26HSIiy9lQathGIWMZ3jiGd9LSL3zJt1uC0GYamguYNYQ1pp0KGvZFXbL7XejgDTartmV4PZW93XpQ9ZOEVCW/bBbzN0fzJ7XxVkowM=
ymPD/Mqh2OJIqeHUQ/gC1OAhp0FhtEEthJFmFjWV/5iLRUkCE5S3hYRlwqHt6EUzNJv+CXRZA/TJU6s1WgacQ8bDwrcngbdtq23LGXyNfivaGQsTkEdea0MdYKMH
plqH9SSSfUyKk7wQG0MX4frAoBn2jzM/4JazGXkAHcm/smU4IR0iiWTBSwTja+I3iLmCFVUsDx/t9RxKWpuQjzSHUa1hNY2B7XlaYVgzzDV9I2ZLSHNFEWajAQ==
v31nsr5iSCm30qx0bYWty5q4SQRuo2KqE4dfOa+hNsyomdZMJwQ87vO+ipIeRCnpyy1xpKqO52G9GRFlQwDo1E201QNUR4eDlRVfhusk4SbjROnV79Xfb1/M66E9fZd+Y1+jPg==
qrEixP3al2gLRs3BKZonrEzf/9EBPCrUy34Zp8ZHPgRdGzfY1MmwP1y5yZ+FElSV/0/Xfp4CaVKjmBGie6goocfJz0ungIs1tQEnujtzowo=
Hr10hQIY4yM7XLHIVRFoxA4hYWae33ien02Tsokdqx/AEneHlvfI+dGRjuOUAxpsA3ETgtX+U+4x1jBxzaFOVxl3XEMFs9YmkPyBLRDCR3i3G+FN0XW9Yf19TkGrc7yVjaP265izFXFWozE=
uw2h/X5Nc4RiZ7IWtsUkQiYziATcsfy14eDQY1E31oqTlEAPOuvCCKCgv1OUcUmK3L7RR2B9Duk+jd5WYG5wvPYmjz6bnAGek/xsaZ9uP9cvdCuZTUV3RhNnowY=
LopcVoWx7Surc7suc69DUqYCD28adnpdb5oJScb6zlIUILI+L7LV9EmgYWdPkb9NUz1znABdRUvSCSPT+PfWC5steKMf
jDldrJUDMafjVKDyBwBHPKcCD28adnpdb5oJScb6zlIUILI+L7LV9EmgYWdPkb9NUz1zmwNdRUvSCSPT+PfWC5steKMf
KdABTKUZtDRnREgyRiITGqQCD28adnpdb5oJScb6zlIUILI+L7LV9EmgYWdPkb9NUz1zmwNdRUvSCSPT+PfWC5steKMf
bfe6jkHh5BE+le+3b9XJTqUCD28adnpdb5oJScb6zlIUILI+L7LV9EmgYWdPkb9NUz1zmwNdRUvSCSPT+PfWC5steKMf
uu44J470T3G/BlDnbCc4jqoCD28adnpdb5oJScb6zlIUILI+L7LV9EmgYWdPkb9NUz1zmwNdRUvSCSPT+PfWC5steKMf
85wd+10cBNVBHJVSlSSl4hBw7a/PDsAv1g6ODbsytelaErqigLg+vqMqQYS9yP3H8znrnSfFP1tPZXEbBmHfs+Tf4juPNXSjEw==
0c23MS21EnzZKXpFpK+OChFw7a/PDsAv1g6ODbsytelaErqigLg+vqMqQYS9yP3H8znrnSfFP1tPZXEbBmHfs+Tf4juPNXSjEw==
ZYBhl/mBi9YMdJKmhxOhK6sCD28adnpdb5oJScb6zlIUILI+L7LV9EmgYWdPkb9NUz1zmwNdRUvSCSPT+PfWC5steKMf
66+UW6Nz32oH7xpujVo7uA/s0F6faYAXgTiwMGHtpCs260JTHgyU6NhuugifNH+qWXwPQosQS0g3JQM62/PJ0w+EL3mjHA==
9e8nVnHHyjsILH6FXXwcww7s0F6faYAXgTiwMGHtpCs260JTHgyU6NhuugifNH+qWXwPQosQS0g3JQM62/PJ0w+EL3mjHA==
sA/POS4e5OSUColzDos5yQ3s0F6faYAXgTiwMGHtpCs260JTHgyU6NhuugifNH+qWXwPQosQS0g3JQM62/PJ0w+EL3mjHA==
P4X+nRv5SxRNeyTDNLYDPAzs0F6faYAXgTiwMGHtpCs260JTHgyU6NhuugifNH+qWXwPQosQS0g3JQM62/PJ0w+EL3mjHA==
O9e4kQgBTlX9UvDj2iyJRAvs0F6faYAXgTiwMGHtpCs260JTHgyU6NhuugifNH+qWXwPQosQS0g3JQM62/PJ0w+EL3mjHA==
bMr5lA50I8vVCGxh6VX6+wrs0F6faYAXgTiwMGHtpCs260JTHgyU6NhuugifNH+qWXwPQosQS0g3JQM62/PJ0w+EL3mjHA==
pa+fe6dFCNJI7Gl9Qa5tKgns0F6faYAXgTiwMGHtpCs260JTHgyU6NhuugifNH+qWXwPQosQS0g3JQM62/PJ0w+EL3mjHA==
bD9qbfIyI9u+3KV59tzC7x5w7a/PDsAv1g6ODbsytelaErqigLg+vqMqQYS9yP3H8znrnSfFP1tPZXEbBmHfs+Tf4juPNXSjEw==
5sqzuBid9QdQ/BoUgFNyXvctNglVOD0TPIsWSdypi1QRI7M1QvbE406zandPkb9NUz1zmwNdRUvSCSPT+PfWC5steKMf
AtRQobcNBxGPxt0dUIyguPctNglVOD0TPI8UR9ypi1QRI7M1QvbE406zandPkb9NUz1zmwNdRUvSCSPT+PfWC5steKMf
wmYdQdYLT7uWYK7p9wp+z9G70I+EsA6KxURPr7Y22NeUzQh2D/EfrTqQ134JqEeGy9QDnGfxKx771+HHH5AnfaMY
K0u+2lCr4lLfX7HHr5/88s7RUkHLkaU+ij8oliEVVX1vSIfWqQD3PkpsszTHWftGO48xr//41wWjYA==
JbXrVHbBEYCOqrKW85lDM49d8kREad3BNHTEIZs7jcWVZVk5QboxmQ/jeJ2hQ5ojnMPxyQqjbQ==
1BPOUUSSnfWXCgqXnsFsGRSDhR+Ul3LjFSSSGbTSJ1Hi9pz1SZpc+w+WzmNyttmw5li8SuTeSjZgNUg2tC2UWYmMhSWVrUWXUUk+nKMVHZMXTCbr7jmpRkjeV76lyaX+z/YFUCP3g/5MXNQskXkEN0nvbHzvZcvXvar80AysGBmktWc8UkXWGODXdPWkJnSn6TUHPYa2p5/v1pOt7FnMerQLRa3bGDU3UwRIp61etMybzIcpZBPODgM+fAGbksA8/tXUcGn9KizpOCF62wm/6DuPFyGAwYUZUMvtgeJ0PjH4AqBixU7vdK8Z2KMeCQnLkRgWyto8Nm55QeC5LVCQBp5Lm85QlXlcbruhK1f025VpDsixavooIw0eXxh42vTdAQFdvoln2M+mxQZoaMIm0JLYJwbpMNcOSlyTBAcJW9a7H9H/P4g3daMQ
QQC/SXjqnHLN6qAiYBrlBDaBSlC03Tde7ttXZZa3Hdtde5FSsDMBGIcG1qGf+TzqeFoPhp1FDFzFMm09j/xvaqK3O2EEPVXjlmTHnU4BwO5/+xWzBmUg6X88meDyvx/uEl2N1z9+44b8OAR+UfYdehJMRlkHiKQivx2ETJXR+ViNxa20HDToIbwOez8Jhwyi9zM6+hRlQYUm00WZptxKpnVghJJ1tUp42pNQM367YjOWv8+7r3L70EsEYhtH0s+QhFJvrOcUVR96I18KJNyXJNc5zx9iAg8lTwYLMiSTYb59IdJnKF/SleEw8X03X7YASOMlAoSy4+acnr/9p9HnGiTi7EHIgoqIFGGLk20J+eij9KDTVYjIMlJ0Io5aaJkbdFflMqzwLsE/EEiHtfruAVUlPzZHAznkzM/SCIRlLQQLtvB4iOvxSzkgUTXUKWa/sqZAwPoGAnLjOJECO4gqhodqT+vnoIsV9aGnGntToyo=
S4w1Ug9VwiTO4Yf9bS1so6Ef3NRwFSwEnTEmb38ba4BTMUzYiwsxcC9JFhAyJj/amKG/j4PNLRi6CPzgpJYnad5gJq2Q8Pa9nGAfNRMmX512p3A3tyHnrVtN2x5rbU1rivmbk+DnrqsTfVCjNw==
u1qbc3ks7EfpZ+C2/6mTqc7RUkHLkaU+ij8oliEVVX1vSIfWqQD3Pk5sszTHWftGO48xr//41wWjYA==
Nm3UfK4FemG8bXpaeVBfO49d8kREad3BNHTEIZs7jcWVZVk5Qb4xmQ/jeJ2hQ5ojnMPxyQqjbQ==
N2+IQbNUEbXW9Ko1mst7vB+zeuFcYXO7qSFU1IL+N7/9P08j3jWEAqvpQz2fdbfexxWJe+4xB/Pc78oblyV8oxs=
7AZNsKROXHwf6QZ1wozhvg4hYWae33udmU2Tsokdqx/AEneHlvfI+dGRjuOUAxpsA3ETgtX+U+4x1jBxzaFOVxl3XEMFs9YmkPyBLRDCR3i3G+FN0XW9Yf18TUGrc7yVjaP265izFXFWozE=
jJyBbFxgfOBrr2uuWdLV0iYziATcsfy14eDQY1E31oqTlEAPOuvCCKCgv1OUcUmK3L7RR2B9Duk+jd5WYG5wvPYmjz6bnAGek/xjap9uP9cvdCuZTUV3RhNnowY=
hXJQ9OoFJGwVWKg++z7AKCcziATcsfy14eDQY1E31oqTlEAPOuvCCKCgv1OUcUmK3L7RR2B9Duk+jd5WYG5wvPYmjz6bnAGek/xjap9uP9cvdCuZTUV3RhNnowY=
9r+sXCQOjD8feW22CipPuSpflKZ75CQQXyVYWzGU6NwBATyHhmfa356ADGRowiLk/9gnBukw1w5DXJMEBwlb1rsf0f8/iDd1oxA=
/avdx+wbK1ojBC0OpiYID6ICD28adnpdb5oJScb6zlIUILI+L7LV9EmgYWdPkb9NUz1zkwNdRUvSCSPT+PfWC5steKMf
067jNFwOXv3l7NttVEjDaKMCD28adnpdb5oJScb6zlIUILI+L7LV9EmgYWdPkb9NUz1zkwNdRUvSCSPT+PfWC5steKMf
+eEnc0Nn/edb7Bv/VRp2oxZw7a/PDsAv1g6ODbsytelaErqigLg+vqMqQYS9yP3H8znrnSfFP1NPZXEbBmHfs+Tf4juPNXSjEw==
2AK5PiGVsHYaYIZkDJFnlBdw7a/PDsAv1g6ODbsytelaErqigLg+vqMqQYS9yP3H8znrnSfFP1NPZXEbBmHfs+Tf4juPNXSjEw==
oKpkfYbBRRBVsRG3YpZrWKACD28adnpdb5oJScb6zlIUILI+L7LV9EmgYWdPkb9NUz1zkwNdRUvSCSPT+PfWC5steKMf
EH8imZUCStRRA4UD1WylZqECD28adnpdb5oJScb6zlIUILI+L7LV9EmgYWdPkb9NUz1zkwNdRUvSCSPT+PfWC5steKMf
TlRXz5pw+X4u2Owv6gjguaYCD28adnpdb5oJScb6zlIUILI+L7LV9EmgYWdPkb9NUz1zkwNdRUvSCSPT+PfWC5steKMf
TYL/MTL5RnozqDh4oMck0y1flKZ75CQQXyVYWzGU6NwBATyHhmfa356ADGRowiLk/9gnBukw1w5DXJMEBwlb1rsf0f8/iDd1oxA=
e8cwyp+rpve5IuGIt6jAmfctNglVOD0TPIsWSdypi1QRI7M1QvbE406zandPkb9NUz1zkwNdRUvSCSPT+PfWC5steKMf
OQsSN4U9D1ZEvS9AFPxIqfctNglVOD0TPI8UR9ypi1QRI7M1QvbE406zandPkb9NUz1zkgNdRUvSCSPT+PfWC5steKMf
bVlLr985Il8rxbhaY1jR3NPMwr7RZH2ou8sk5jis2MeDWRUUyWosWQ16mprWyYikaCpLM7L8B3z4/C6bCfTM4aMhX3st68+/j+vgQxgHnMgTeYsdh4UfUi8lkZumof+zxB+Cu291VKMz
s3BSpfOjc4gyrQbPf/ckvNPMwr7RZH2ou8sk5jis2MeDWRUUymosWQ16mp3WyYikaCpLM7L8B3z4/C6bCfTM4aMhX3st68+/j+vgQxgHnMgTeYsdh4UfUi8lkZumof+zxB+Cu291VKMz
QgiWo+elD4zCNiSTKkrHT0p6IHCJwnvYyhLOpIQfjxicQgTs+43F/d6WlKrzEUw9OjQantHbCJhl3BoYlPJTQD4xEVUFs9cvjf/NLxqLQnOuGOFN0XW9Yf1yTUGrc7yVjaP265izFXFWozE=
G2Us9oGCDFWCw/PSho1dT9PMwr7RZH2ou8sk5jis2MeDWRUUxWosWQ16mpnWyYikaCpLM7L8B3z4/C6aCfTM4aMhX3st68+/j+vgQxgHnMgTeYsdh4UfUi8lkZumof+zxB+Cu291VKMz
+tVKVd726+1rQ1pS5itZXNJ4EyYSiiqIaWNhRrfrZyCI6jCux3g7HVbV6M3WiQNxfCNUBudFzlYMyyr7p2au5Ql4DyJfCgnun+zNBa8nbYXw+GemaZCX7kI8U6SHqZv2u/8Rn79od1WjMA==
ioiz6hA57fyGMIrnB+WxNtJ4EyYSiijTPHl2Ta36SiC+/wXvthtTVVrVoYi0hlxxOX1SBuFD7koL7xio8EjtolFMDCJfCgnun+zNBa8nbYXw+GemaZCX7kI8U6SHqZv2u/8Rn79od1WjMA==
TCqBbjWkKPGH6t9eA/Z0yNJ4EyYSiiqIaWNhRrfrZyCI6jCuyHg7HVbV6M3ViQNxfCNUBudFzlYMyyr7p2au5Ql4DyJfCgnun+zNBa8nbYXw+GemaZCX7kI8U6SHqZv2u/8Rn79od1WjMA==
aSm99ngK1Qg2lEalzvb2k72z5pxai8NtFnQv2kR/hEMCGeQ8mKJ8iXFEAb60m9ZPXCI9K18HLOmQ2N8XonAsMT71r2SS8/lSK1wHOMUoX7a5qwfF8TNgcuM4kQI7iCKGh2pP6+egixX1oacae1OjKg==
gOQkmftm0AzdIJM1ttr28UMrJ2YQJ25hVuLGoGRWZP36qe9EHOHEJl9of5nxjT8h1Nzsch866d6f3C0173eNFXBox3Yp4LceQkxzVEf5O2Y7b3FPf1gXZaMA
GbV1nnnpb2ja/W9xcNy/QdJ4EyYSiiqIaWNhRrfrZyCI6jCuwAoobRnOvN/QiQNxfCNUBudFzlYMyyr7pmau5Ql4DyJfCgnun+zNBa8nbYXw+GemaZCX7kI8U6SHqZv2u/8Rn79od1WjMA==
AmoH/xNNQsS5QBFIscxkqEp6IHCJwnvYyhLOpIQfjxicQgTs+I3F/d6WlKrzEkw9OjQantHbCJhl3BoYlPJTQD4xEVUFs9cvjf/NLxqLQnOuGOFN0XW9Yf1yTUGrc7yVjaP265izFXFWozE=
S1HwFra//xG4TKJXPPnszU47Lhj+hsTfxepiChnZkP3lL2X1jSMevJbY49Kp2Yv27ABwJV4UPmYN60TQIRze0NiCD/ja0bXNeSNbpwl/SaeWG77rCniF9Q2FcSm5MomJZ0Pg7amDEvOkoxl5UqM1
fOAfGXL5XmCx6BVm0NHEY9J4EyYSiiLTPHl2Ta36SiC+/wXvthtTVVrVoYi0hlxxOX1SBuFD7koL7xio8EjtpVFMDCJfCgnun+zNBa8nbYXw+GemaZCX7kI8U6SHqZv2u/8Rn79od1WjMA==
7iYNf130g1slv1x055q/lkp6IHCJwnvYyhLOpIQfjxicQgTs/I3F/d6WlKr0Ekw9OjQantHbCJhl3BoYlP1TQD4xEVUFs9cvjf/NLxqLQnOuGOFN0XW9Yf1yTUGrc7yVjaP265izFXFWozE=
uxy580WuDeJ1JpgOhhE2REp6IHCJwnvYyhLOpIQfjxicQgTs/43F/d6WlKr0EUw9OjQantHbCJhl3BoYlP1TQD4xEVUFs9cvjf/NLxqLQnOuGOFN0XW9Yf1yTUGrc7yVjaP265izFXFWozE=
OIauxmZat5IbVQM1hOq3+tG70I+EsA6KxURPr7Y22NeUzQh2D/EfrTqQ134JqEeGwtQDnGfxKx771+HHH5AnfaMY
SBy2aJkqc+gcFKRsFudVTM7RUkHLkaU+ij8oliEVVX1vSIfWqQD3PkJsszTHWftGO48xr//41wWjYA==
F3CrpWAcuQ2W18KW/9LVpo9d8kREad3BNHTEIZs7jcWVZVk5QbIxmQ/jeJ2hQ5ojnMPxyQqjbQ==
k2YUOuc2LNJ+Wgh17mMGGjaBSlC03Tde7ttXZZa3Hdtde5FSsDMBGIcG1qGf+TzqeFoPhp1FDFzFMm09j/xvaqK3O2EEPVXjlmTHnU4BwO5/+xWzBmUg6X88meDyvx/uEl2N1z9+44b8OAR+UfYdehJMRlkHiKQivx2ETJXR+ViNxa20HDToIbwOez8Jhwyi9zM6+hRlQYUm00WZptxKpnVghJJ1tUp42pNQM367YjOWv8+7r3L70EsEYhtH0s+QhFJvrOcUVR96I18KJNyXJNc5zx9iAg8lTwYLMiSTYb59IdJnKF/SleEw8X03X7YASOMlAoSy4+acnr/9p9HnGiTi7EHIgoqIFGGLk20J+eij9KDTVYjIMlJ0Io5aaJkbdFflMqzwLsE/EEiHtfruAVUlPzZHAznkzM/SCIRlLQQLtvB4iOvxSzkgUTXUKWa/sqZAwPoGAnLjOJECO4gihodqT+vnoIsV9aGnGntToyo=
nIZx9nALzWWFLYNi0LPYTBSDhR+Ul3LjFSSSGbTSJ1Hi9pz1SZpc+w+WzmNyttmw5li8SuTeSjZgNUg2tC2UWYmMhSWVrUWXUUk+nKMVHZMXTCbr7jmpRkjeV76lyaX+z/YFUCP3g/5MXNQskXkEN0nvbHzvZcvXvar80AysGBmktWc8UkXWGODXdPWkJnSn6TUHPYa2p5/v1pOt7FnMerQLRa3bGDU3UwRIp61etMybzIcpZBPODgM+fAGbksA8/tXUcGn9KizpOCF62wm/6DuPFyGAwYUZUMvtgeJ0PjH4AqBixU7vdK8Z2KMeCQnLkRgWyto8Nm55QeC5LVCQBp5Lm85QlXlcbruhK1f025VpDsixavooIw0eXxh42vTdAQFdvoln2M+mxQZoaMIm0JLYJwbpMNcOQlyTBAcJW9a7H9H/P4g3daMQ
+yA3IExoXLbpyQ7U2mAqLxARbYCtz7jSILUVbluZlE50Gs5kcH7t9g+8c5Qztx1lxaUJGVG8JnldJCh9McPqw+wDgSl6ox0=
mgaRIkRihb6uo6Q6Gejs2DcazL8VZEdDvKS/Q7QBiTq8LlHXgM1OGR6d3kZAnjAMFrYPrvsswe6z7Gl4vx74Z0/kqwmt9Te2M3ejFg==
c9oOiiYMUwtgs7GELr/0aDmcbzinnbM/KR+UweILVEH0zBXl/YJCol8Yf6fVPEo0pNqehGB+/Zbf7yxwuTetBTXlOfkhuRNZr2SY3UFDemM8Q1EJaqMN
uiRmRYnxmbDdFUt2EnXKD2IR4hRb7/+H/P3Z7gSCsbNoUf6thhFewsgioJju2q8KU/CxGusgrDx3Yigzd8jL7cXpB4Ire6MS
qIh+ELaEakoplPC5sM9Kizjj0rF/HhyX6Dn8MBEAMnaoUfI0ovsCZFz6tnR4fuXm989UoHF3ZbVtBZFp2TyrycfEQK2JgzKzBCO5OXKjFQ==
WGR5d3xBF33v7JoZAeZCgBZq663UHMAv1g6ODbsytelaErqigLg+vqMqQYS9yP3H8znrnSfFP1JMZXEcBmHfs+Tf4juPNXSjEw==
PsHVofe5cDxPDxxzvae65Q6u37kEH+bkvUhsF2uNhOIh2jQoL5X1G1zYgoJoyCa+u9opt4qcL4c7ibN9T1WH0rT12bxekZdzLI8aW6cFbKML
jzskyu11G5+tHeJAjEPQvF5Cv01iAHrehzyg3SQ9nqN8ygwQ6x37zJIqMBlW0eC72KOvhFdbKz8rgDcVXqiEG3PIwIG1hOaWz36BahthUnY/k4VhUJwPErlkX6oDeZtQUJ3zkpsb+auvHH9RozQ=
4uQx1J//EqXa9byL8xsSf3OAsKSysZJ8NtzAOp51dCTbAwIcGmPBya2+lAEKH0jnU+hNKgZijs9HWjBdJ0jri7lzQz8Dc3QzrO8AaG/RX80z/VOd4B3kzHJJw9PYN3aLe21Yoz8=
HDBUXNni9hZTQjekt5y+hXOAsKSysZJ8NtzAOp51dCTbAwIcGmPBya2+lAEKH0jnU+hNKgZijs9HWjBdJ0jri7lzQzsKZHMzrO8AaG/RX80z/VOc4x3kzHJJw9PYN3aLe21Yoz8=
l0CvXGS0b48rvbkjrCABH15Cv01iAHrehzyg3SQ9nqN8ygwQ6x37zJIqMBlW0eC72KOvhFdbKz8rgDcVXqiEG3PIwIG1hOaWz36Bah9oRXE/k4VhUJwPErlkX6oIeZtRUJ3zkpsb+auvHH9RozQ=
+EeViB5WROi+V8QnOhcTrCg3PAqjMkO1ogkexXZpXsrYOpGx0u/+wgMo0fKb2Ci35/uIm8dwC6UVsefq2wOjGg==
2rylm5Id3yY/xh3WUCq8EvctNglVOD0TPI8UR9ypi1QRI7M1QvbE406zandPkb9NUz1znAVdRUnSCCPT+PfWC5steKMf
ufO970Qw59v0vBRwr/ud+DthThp2YmkyY/iRwrvILMAHqk0rZuCLVXVhp9r7E6Nq
l1u+B0bLdpcvKeDCsBFeVM7RUkHLkaU+ij8oliEVVX1vSIfWqQD3PkxqszTFWfpGO48xr//41wWjYA==
U4H8OasvRoaSL/y9SUIbcI9d8kREad3BNHTEIZs7jcWVZVk5Qbw3mQ/heJyhQ5ojnMPxyQqjbQ==
tAw+lt6yGN8ZZt2og5TUDpq4SQRuo2KqE4dfOa+hNsyomdZMJwQ87vO+ipIeRCnpyy1xpKqO52G5Gx9lQwDo1E201QNUR4eDlRVfhusk4SbjROzU79bdb17M66E9fZd+Y1+jPg==
QxgjHeZQhhM4ZRcYPgmXmvrAoBn2jzM/4JazGXkAHcm/smU4IR0iiWTBSwTja+IzireCFVUsDx/t9RxKWpuQjzSHUa1hNY2B7XxbYVsxzDR9I2ZLSHNFEWajAQ==
G01udJi/t0ws59qahy/A7OAhp0FhtEEthJFmFjWV/5iLRUkCE5S3hYRlwqHt6EUzNJ/8B3RZA/TJU6s1WgacQ8bDwrcngbdtq23LE32NfSnaGAsTkEdea0MdYKMH
ez8Z3IvdB3XBDvdhYxBjeSy9lQathGIWMZ3jiGd9LSL3zJt1uC0GYamguYNYR1hn0KGvZFXbL7XejgDTartmV4PZW93XpQ9TOUVBWfbAbzN0fzJ7XxVkowM=
A0KCYg/7445eoEC7JXlDopq4SQRuo2KqE4dfOa+hNsyzmdZMJwQ87vO+ipIeRCnpyy1xpKqO52G5Gx9lQwDo1E201QNUR4eDlRVfhusk4SbjROPU79bdb17M66E9fZd+Y1+jPg==
SJ1ThyPHnQ0y0j9heEX2gzHe5PvT8cM9bd3TNrhiRmGEUl4WDWXH+KO1gUJbRB/lHPVaIXV43ZNcTzRHPGnr1LFjUzUiNmRjrvMKd2/RX80z/VOT5R3lyXJIw9PYN3aLe21Yoz8=
TKbbKtRw8Hyh/jPL4t4AGpyzTw1KpHa8NZdfPKyFLM6+mdZMJwQ87vO+ipIeRCnpyy1xpKqO52G5Gx9lQwDo1E201QNUR4eDlRVfhusk4SbjROPU79bdb17M66E9fZd+Y1+jPg==
mEeloSxa6Vgom40tEQMHi5GTh++VDSi/sMAj8jWL5MeZTjpAn2hSFgF908jXnZ2iZyxLNejNFmG5gGnDCOfI56ABXyQl+9+1rq7wExobltcTeYsdh4UfUyklkZmmoP+zxB+Cu291VKMz
Tn0cHMUF0hsc0bj8HTn1Wgl+bz9ce25+TeGGoEQFOva3uedQLrXOPFEuKcXx5ApvievfN0sw48mJ2Sxxv2yiBHlox3Yp4LceQ0pzVEX5OmY7b3FPf1gXZaMA
KwPKGhyv1djjlSikixsb/O/pyWoa0vzjXkxH56uSZuM6FjHAFdfp4g51mZXzFSMGN4PJF3DDR8oG/sn2S/ShdgN04+QPhp2//rxrUZ0tV64Db6MO
